2025-12-11 22:27:51,232 - MainThread - sqlmesh.core.config.connection - INFO - Creating new DuckDB adapter for data files: {'ducklake:../dataLakehouse/catalog.ducklake', 'staging.db'} (connection.py:492)
2025-12-11 22:27:51,315 - MainThread - sqlmesh.core.config.connection - INFO - Using existing DuckDB adapter due to overlapping data file: ducklake:../dataLakehouse/catalog.ducklake (connection.py:482)
2025-12-11 22:27:52,444 - MainThread - sqlmesh.core.state_sync.db.migrator - INFO - Applying migration <module 'sqlmesh.migrations.v0000_baseline' from 'B:\\GitHub Repository\\Marketing-And-Ecommerce-ELT\\.venv\\Lib\\site-packages\\sqlmesh\\migrations\\v0000_baseline.py'> (migrator.py:185)
2025-12-11 22:27:52,715 - MainThread - sqlmesh.core.state_sync.db.migrator - INFO - Applying migration <module 'sqlmesh.migrations.v0061_mysql_fix_blob_text_type' from 'B:\\GitHub Repository\\Marketing-And-Ecommerce-ELT\\.venv\\Lib\\site-packages\\sqlmesh\\migrations\\v0061_mysql_fix_blob_text_type.py'> (migrator.py:185)
2025-12-11 22:27:52,715 - MainThread - sqlmesh.core.state_sync.db.migrator - INFO - Applying migration <module 'sqlmesh.migrations.v0062_add_model_gateway' from 'B:\\GitHub Repository\\Marketing-And-Ecommerce-ELT\\.venv\\Lib\\site-packages\\sqlmesh\\migrations\\v0062_add_model_gateway.py'> (migrator.py:185)
2025-12-11 22:27:52,715 - MainThread - sqlmesh.core.state_sync.db.migrator - INFO - Applying migration <module 'sqlmesh.migrations.v0063_change_signals' from 'B:\\GitHub Repository\\Marketing-And-Ecommerce-ELT\\.venv\\Lib\\site-packages\\sqlmesh\\migrations\\v0063_change_signals.py'> (migrator.py:185)
2025-12-11 22:27:52,715 - MainThread - sqlmesh.core.state_sync.db.migrator - INFO - Applying migration <module 'sqlmesh.migrations.v0064_join_when_matched_strings' from 'B:\\GitHub Repository\\Marketing-And-Ecommerce-ELT\\.venv\\Lib\\site-packages\\sqlmesh\\migrations\\v0064_join_when_matched_strings.py'> (migrator.py:185)
2025-12-11 22:27:52,715 - MainThread - sqlmesh.core.state_sync.db.migrator - INFO - Applying migration <module 'sqlmesh.migrations.v0065_add_model_optimize' from 'B:\\GitHub Repository\\Marketing-And-Ecommerce-ELT\\.venv\\Lib\\site-packages\\sqlmesh\\migrations\\v0065_add_model_optimize.py'> (migrator.py:185)
2025-12-11 22:27:52,715 - MainThread - sqlmesh.core.state_sync.db.migrator - INFO - Applying migration <module 'sqlmesh.migrations.v0066_add_auto_restatements' from 'B:\\GitHub Repository\\Marketing-And-Ecommerce-ELT\\.venv\\Lib\\site-packages\\sqlmesh\\migrations\\v0066_add_auto_restatements.py'> (migrator.py:185)
2025-12-11 22:27:52,826 - MainThread - sqlmesh.core.state_sync.db.migrator - INFO - Applying migration <module 'sqlmesh.migrations.v0067_add_tsql_date_full_precision' from 'B:\\GitHub Repository\\Marketing-And-Ecommerce-ELT\\.venv\\Lib\\site-packages\\sqlmesh\\migrations\\v0067_add_tsql_date_full_precision.py'> (migrator.py:185)
2025-12-11 22:27:52,826 - MainThread - sqlmesh.core.state_sync.db.migrator - INFO - Applying migration <module 'sqlmesh.migrations.v0068_include_unrendered_query_in_metadata_hash' from 'B:\\GitHub Repository\\Marketing-And-Ecommerce-ELT\\.venv\\Lib\\site-packages\\sqlmesh\\migrations\\v0068_include_unrendered_query_in_metadata_hash.py'> (migrator.py:185)
2025-12-11 22:27:52,826 - MainThread - sqlmesh.core.state_sync.db.migrator - INFO - Applying migration <module 'sqlmesh.migrations.v0069_update_dev_table_suffix' from 'B:\\GitHub Repository\\Marketing-And-Ecommerce-ELT\\.venv\\Lib\\site-packages\\sqlmesh\\migrations\\v0069_update_dev_table_suffix.py'> (migrator.py:185)
2025-12-11 22:27:52,826 - MainThread - sqlmesh.core.state_sync.db.migrator - INFO - Applying migration <module 'sqlmesh.migrations.v0070_include_grains_in_metadata_hash' from 'B:\\GitHub Repository\\Marketing-And-Ecommerce-ELT\\.venv\\Lib\\site-packages\\sqlmesh\\migrations\\v0070_include_grains_in_metadata_hash.py'> (migrator.py:185)
2025-12-11 22:27:52,826 - MainThread - sqlmesh.core.state_sync.db.migrator - INFO - Applying migration <module 'sqlmesh.migrations.v0071_add_dev_version_to_intervals' from 'B:\\GitHub Repository\\Marketing-And-Ecommerce-ELT\\.venv\\Lib\\site-packages\\sqlmesh\\migrations\\v0071_add_dev_version_to_intervals.py'> (migrator.py:185)
2025-12-11 22:27:52,873 - MainThread - sqlmesh.core.state_sync.db.migrator - INFO - Applying migration <module 'sqlmesh.migrations.v0072_add_environment_statements' from 'B:\\GitHub Repository\\Marketing-And-Ecommerce-ELT\\.venv\\Lib\\site-packages\\sqlmesh\\migrations\\v0072_add_environment_statements.py'> (migrator.py:185)
2025-12-11 22:27:52,941 - MainThread - sqlmesh.core.state_sync.db.migrator - INFO - Applying migration <module 'sqlmesh.migrations.v0073_remove_symbolic_disable_restatement' from 'B:\\GitHub Repository\\Marketing-And-Ecommerce-ELT\\.venv\\Lib\\site-packages\\sqlmesh\\migrations\\v0073_remove_symbolic_disable_restatement.py'> (migrator.py:185)
2025-12-11 22:27:52,941 - MainThread - sqlmesh.core.state_sync.db.migrator - INFO - Applying migration <module 'sqlmesh.migrations.v0074_add_partition_by_time_column_property' from 'B:\\GitHub Repository\\Marketing-And-Ecommerce-ELT\\.venv\\Lib\\site-packages\\sqlmesh\\migrations\\v0074_add_partition_by_time_column_property.py'> (migrator.py:185)
2025-12-11 22:27:52,941 - MainThread - sqlmesh.core.state_sync.db.migrator - INFO - Applying migration <module 'sqlmesh.migrations.v0075_remove_validate_query' from 'B:\\GitHub Repository\\Marketing-And-Ecommerce-ELT\\.venv\\Lib\\site-packages\\sqlmesh\\migrations\\v0075_remove_validate_query.py'> (migrator.py:185)
2025-12-11 22:27:52,941 - MainThread - sqlmesh.core.state_sync.db.migrator - INFO - Applying migration <module 'sqlmesh.migrations.v0076_add_cron_tz' from 'B:\\GitHub Repository\\Marketing-And-Ecommerce-ELT\\.venv\\Lib\\site-packages\\sqlmesh\\migrations\\v0076_add_cron_tz.py'> (migrator.py:185)
2025-12-11 22:27:52,941 - MainThread - sqlmesh.core.state_sync.db.migrator - INFO - Applying migration <module 'sqlmesh.migrations.v0077_fix_column_type_hash_calculation' from 'B:\\GitHub Repository\\Marketing-And-Ecommerce-ELT\\.venv\\Lib\\site-packages\\sqlmesh\\migrations\\v0077_fix_column_type_hash_calculation.py'> (migrator.py:185)
2025-12-11 22:27:52,941 - MainThread - sqlmesh.core.state_sync.db.migrator - INFO - Applying migration <module 'sqlmesh.migrations.v0078_warn_if_non_migratable_python_env' from 'B:\\GitHub Repository\\Marketing-And-Ecommerce-ELT\\.venv\\Lib\\site-packages\\sqlmesh\\migrations\\v0078_warn_if_non_migratable_python_env.py'> (migrator.py:185)
2025-12-11 22:27:52,941 - MainThread - sqlmesh.core.state_sync.db.migrator - INFO - Applying migration <module 'sqlmesh.migrations.v0079_add_gateway_managed_property' from 'B:\\GitHub Repository\\Marketing-And-Ecommerce-ELT\\.venv\\Lib\\site-packages\\sqlmesh\\migrations\\v0079_add_gateway_managed_property.py'> (migrator.py:185)
2025-12-11 22:27:52,998 - MainThread - sqlmesh.core.state_sync.db.migrator - INFO - Applying migration <module 'sqlmesh.migrations.v0080_add_batch_size_to_scd_type_2_models' from 'B:\\GitHub Repository\\Marketing-And-Ecommerce-ELT\\.venv\\Lib\\site-packages\\sqlmesh\\migrations\\v0080_add_batch_size_to_scd_type_2_models.py'> (migrator.py:185)
2025-12-11 22:27:52,998 - MainThread - sqlmesh.core.state_sync.db.migrator - INFO - Applying migration <module 'sqlmesh.migrations.v0081_update_partitioned_by' from 'B:\\GitHub Repository\\Marketing-And-Ecommerce-ELT\\.venv\\Lib\\site-packages\\sqlmesh\\migrations\\v0081_update_partitioned_by.py'> (migrator.py:185)
2025-12-11 22:27:52,998 - MainThread - sqlmesh.core.state_sync.db.migrator - INFO - Applying migration <module 'sqlmesh.migrations.v0082_warn_if_incorrectly_duplicated_statements' from 'B:\\GitHub Repository\\Marketing-And-Ecommerce-ELT\\.venv\\Lib\\site-packages\\sqlmesh\\migrations\\v0082_warn_if_incorrectly_duplicated_statements.py'> (migrator.py:185)
2025-12-11 22:27:52,998 - MainThread - sqlmesh.core.state_sync.db.migrator - INFO - Applying migration <module 'sqlmesh.migrations.v0083_use_sql_for_scd_time_data_type_data_hash' from 'B:\\GitHub Repository\\Marketing-And-Ecommerce-ELT\\.venv\\Lib\\site-packages\\sqlmesh\\migrations\\v0083_use_sql_for_scd_time_data_type_data_hash.py'> (migrator.py:185)
2025-12-11 22:27:52,998 - MainThread - sqlmesh.core.state_sync.db.migrator - INFO - Applying migration <module 'sqlmesh.migrations.v0084_normalize_quote_when_matched_and_merge_filter' from 'B:\\GitHub Repository\\Marketing-And-Ecommerce-ELT\\.venv\\Lib\\site-packages\\sqlmesh\\migrations\\v0084_normalize_quote_when_matched_and_merge_filter.py'> (migrator.py:185)
2025-12-11 22:27:52,998 - MainThread - sqlmesh.core.state_sync.db.migrator - INFO - Applying migration <module 'sqlmesh.migrations.v0085_deterministic_repr' from 'B:\\GitHub Repository\\Marketing-And-Ecommerce-ELT\\.venv\\Lib\\site-packages\\sqlmesh\\migrations\\v0085_deterministic_repr.py'> (migrator.py:185)
2025-12-11 22:27:52,998 - MainThread - sqlmesh.core.state_sync.db.migrator - INFO - Applying migration <module 'sqlmesh.migrations.v0086_check_deterministic_bug' from 'B:\\GitHub Repository\\Marketing-And-Ecommerce-ELT\\.venv\\Lib\\site-packages\\sqlmesh\\migrations\\v0086_check_deterministic_bug.py'> (migrator.py:185)
2025-12-11 22:27:52,998 - MainThread - sqlmesh.core.state_sync.db.migrator - INFO - Applying migration <module 'sqlmesh.migrations.v0087_normalize_blueprint_variables' from 'B:\\GitHub Repository\\Marketing-And-Ecommerce-ELT\\.venv\\Lib\\site-packages\\sqlmesh\\migrations\\v0087_normalize_blueprint_variables.py'> (migrator.py:185)
2025-12-11 22:27:52,998 - MainThread - sqlmesh.core.state_sync.db.migrator - INFO - Applying migration <module 'sqlmesh.migrations.v0088_warn_about_variable_python_env_diffs' from 'B:\\GitHub Repository\\Marketing-And-Ecommerce-ELT\\.venv\\Lib\\site-packages\\sqlmesh\\migrations\\v0088_warn_about_variable_python_env_diffs.py'> (migrator.py:185)
2025-12-11 22:27:52,998 - MainThread - sqlmesh.core.state_sync.db.migrator - INFO - Applying migration <module 'sqlmesh.migrations.v0089_add_virtual_environment_mode' from 'B:\\GitHub Repository\\Marketing-And-Ecommerce-ELT\\.venv\\Lib\\site-packages\\sqlmesh\\migrations\\v0089_add_virtual_environment_mode.py'> (migrator.py:185)
2025-12-11 22:27:52,999 - MainThread - sqlmesh.core.state_sync.db.migrator - INFO - Applying migration <module 'sqlmesh.migrations.v0090_add_forward_only_column' from 'B:\\GitHub Repository\\Marketing-And-Ecommerce-ELT\\.venv\\Lib\\site-packages\\sqlmesh\\migrations\\v0090_add_forward_only_column.py'> (migrator.py:185)
2025-12-11 22:27:53,051 - MainThread - sqlmesh.core.state_sync.db.migrator - INFO - Applying migration <module 'sqlmesh.migrations.v0091_on_additive_change' from 'B:\\GitHub Repository\\Marketing-And-Ecommerce-ELT\\.venv\\Lib\\site-packages\\sqlmesh\\migrations\\v0091_on_additive_change.py'> (migrator.py:185)
2025-12-11 22:27:53,051 - MainThread - sqlmesh.core.state_sync.db.migrator - INFO - Applying migration <module 'sqlmesh.migrations.v0092_warn_about_dbt_data_type_diff' from 'B:\\GitHub Repository\\Marketing-And-Ecommerce-ELT\\.venv\\Lib\\site-packages\\sqlmesh\\migrations\\v0092_warn_about_dbt_data_type_diff.py'> (migrator.py:185)
2025-12-11 22:27:53,051 - MainThread - sqlmesh.core.state_sync.db.migrator - INFO - Applying migration <module 'sqlmesh.migrations.v0093_use_raw_sql_in_fingerprint' from 'B:\\GitHub Repository\\Marketing-And-Ecommerce-ELT\\.venv\\Lib\\site-packages\\sqlmesh\\migrations\\v0093_use_raw_sql_in_fingerprint.py'> (migrator.py:185)
2025-12-11 22:27:53,051 - MainThread - sqlmesh.core.state_sync.db.migrator - INFO - Applying migration <module 'sqlmesh.migrations.v0094_add_dev_version_and_fingerprint_columns' from 'B:\\GitHub Repository\\Marketing-And-Ecommerce-ELT\\.venv\\Lib\\site-packages\\sqlmesh\\migrations\\v0094_add_dev_version_and_fingerprint_columns.py'> (migrator.py:185)
2025-12-11 22:27:53,205 - MainThread - sqlmesh.core.state_sync.db.migrator - INFO - Applying migration <module 'sqlmesh.migrations.v0095_warn_about_dbt_raw_sql_diff' from 'B:\\GitHub Repository\\Marketing-And-Ecommerce-ELT\\.venv\\Lib\\site-packages\\sqlmesh\\migrations\\v0095_warn_about_dbt_raw_sql_diff.py'> (migrator.py:185)
2025-12-11 22:27:53,205 - MainThread - sqlmesh.core.state_sync.db.migrator - INFO - Applying migration <module 'sqlmesh.migrations.v0096_remove_plan_dags_table' from 'B:\\GitHub Repository\\Marketing-And-Ecommerce-ELT\\.venv\\Lib\\site-packages\\sqlmesh\\migrations\\v0096_remove_plan_dags_table.py'> (migrator.py:185)
2025-12-11 22:27:53,276 - MainThread - sqlmesh.core.state_sync.db.migrator - INFO - Applying migration <module 'sqlmesh.migrations.v0097_add_dbt_name_in_node' from 'B:\\GitHub Repository\\Marketing-And-Ecommerce-ELT\\.venv\\Lib\\site-packages\\sqlmesh\\migrations\\v0097_add_dbt_name_in_node.py'> (migrator.py:185)
2025-12-11 22:27:53,276 - MainThread - sqlmesh.core.state_sync.db.migrator - INFO - Applying migration <module 'sqlmesh.migrations.v0098_add_dbt_node_info_in_node' from 'B:\\GitHub Repository\\Marketing-And-Ecommerce-ELT\\.venv\\Lib\\site-packages\\sqlmesh\\migrations\\v0098_add_dbt_node_info_in_node.py'> (migrator.py:185)
2025-12-11 22:27:53,277 - MainThread - sqlmesh.core.state_sync.db.migrator - INFO - Applying migration <module 'sqlmesh.migrations.v0099_add_last_altered_to_intervals' from 'B:\\GitHub Repository\\Marketing-And-Ecommerce-ELT\\.venv\\Lib\\site-packages\\sqlmesh\\migrations\\v0099_add_last_altered_to_intervals.py'> (migrator.py:185)
2025-12-11 22:27:53,293 - MainThread - sqlmesh.core.state_sync.db.migrator - INFO - Applying migration <module 'sqlmesh.migrations.v0100_add_grants_and_grants_target_layer' from 'B:\\GitHub Repository\\Marketing-And-Ecommerce-ELT\\.venv\\Lib\\site-packages\\sqlmesh\\migrations\\v0100_add_grants_and_grants_target_layer.py'> (migrator.py:185)
2025-12-11 22:27:53,344 - MainThread - sqlmesh.core.state_sync.db.migrator - INFO - Fetching environments (migrator.py:207)
2025-12-11 22:27:53,355 - MainThread - sqlmesh.core.state_sync.db.migrator - INFO - Migrating snapshot rows... (migrator.py:224)
2025-12-11 22:27:53,367 - MainThread - sqlmesh.core.state_sync.db.migrator - INFO - No changes to snapshots detected (migrator.py:217)
2025-12-11 22:27:56,225 - MainThread - sqlmesh.core.state_sync.db.migrator - INFO - Starting migration rollback. (migrator.py:132)
2025-12-11 22:27:56,566 - MainThread - sqlmesh.core.state_sync.db.migrator - INFO - Migration rollback successful. (migrator.py:151)
2025-12-11 22:27:56,634 - MainThread - root - INFO - Shutting down the event dispatcher (dispatcher.py:159)
