2025-12-13 14:37:51,544 - MainThread - sqlmesh.core.config.connection - INFO - Creating new DuckDB adapter for data files: {'./warehouse.db'} (connection.py:492)
2025-12-13 14:37:53,375 - MainThread - sqlmesh.core.config.connection - INFO - Using existing DuckDB adapter due to overlapping data file: ./warehouse.db (connection.py:482)
2025-12-13 14:37:53,460 - MainThread - sqlmesh.core.state_sync.db.migrator - INFO - Applying migration <module 'sqlmesh.migrations.v0000_baseline' from 'B:\\GitHub Repository\\Marketing-And-Ecommerce-ELT\\.venv\\Lib\\site-packages\\sqlmesh\\migrations\\v0000_baseline.py'> (migrator.py:185)
2025-12-13 14:37:53,511 - MainThread - sqlmesh.core.state_sync.db.migrator - INFO - Applying migration <module 'sqlmesh.migrations.v0061_mysql_fix_blob_text_type' from 'B:\\GitHub Repository\\Marketing-And-Ecommerce-ELT\\.venv\\Lib\\site-packages\\sqlmesh\\migrations\\v0061_mysql_fix_blob_text_type.py'> (migrator.py:185)
2025-12-13 14:37:53,512 - MainThread - sqlmesh.core.state_sync.db.migrator - INFO - Applying migration <module 'sqlmesh.migrations.v0062_add_model_gateway' from 'B:\\GitHub Repository\\Marketing-And-Ecommerce-ELT\\.venv\\Lib\\site-packages\\sqlmesh\\migrations\\v0062_add_model_gateway.py'> (migrator.py:185)
2025-12-13 14:37:53,512 - MainThread - sqlmesh.core.state_sync.db.migrator - INFO - Applying migration <module 'sqlmesh.migrations.v0063_change_signals' from 'B:\\GitHub Repository\\Marketing-And-Ecommerce-ELT\\.venv\\Lib\\site-packages\\sqlmesh\\migrations\\v0063_change_signals.py'> (migrator.py:185)
2025-12-13 14:37:53,512 - MainThread - sqlmesh.core.state_sync.db.migrator - INFO - Applying migration <module 'sqlmesh.migrations.v0064_join_when_matched_strings' from 'B:\\GitHub Repository\\Marketing-And-Ecommerce-ELT\\.venv\\Lib\\site-packages\\sqlmesh\\migrations\\v0064_join_when_matched_strings.py'> (migrator.py:185)
2025-12-13 14:37:53,513 - MainThread - sqlmesh.core.state_sync.db.migrator - INFO - Applying migration <module 'sqlmesh.migrations.v0065_add_model_optimize' from 'B:\\GitHub Repository\\Marketing-And-Ecommerce-ELT\\.venv\\Lib\\site-packages\\sqlmesh\\migrations\\v0065_add_model_optimize.py'> (migrator.py:185)
2025-12-13 14:37:53,513 - MainThread - sqlmesh.core.state_sync.db.migrator - INFO - Applying migration <module 'sqlmesh.migrations.v0066_add_auto_restatements' from 'B:\\GitHub Repository\\Marketing-And-Ecommerce-ELT\\.venv\\Lib\\site-packages\\sqlmesh\\migrations\\v0066_add_auto_restatements.py'> (migrator.py:185)
2025-12-13 14:37:53,522 - MainThread - sqlmesh.core.state_sync.db.migrator - INFO - Applying migration <module 'sqlmesh.migrations.v0067_add_tsql_date_full_precision' from 'B:\\GitHub Repository\\Marketing-And-Ecommerce-ELT\\.venv\\Lib\\site-packages\\sqlmesh\\migrations\\v0067_add_tsql_date_full_precision.py'> (migrator.py:185)
2025-12-13 14:37:53,522 - MainThread - sqlmesh.core.state_sync.db.migrator - INFO - Applying migration <module 'sqlmesh.migrations.v0068_include_unrendered_query_in_metadata_hash' from 'B:\\GitHub Repository\\Marketing-And-Ecommerce-ELT\\.venv\\Lib\\site-packages\\sqlmesh\\migrations\\v0068_include_unrendered_query_in_metadata_hash.py'> (migrator.py:185)
2025-12-13 14:37:53,523 - MainThread - sqlmesh.core.state_sync.db.migrator - INFO - Applying migration <module 'sqlmesh.migrations.v0069_update_dev_table_suffix' from 'B:\\GitHub Repository\\Marketing-And-Ecommerce-ELT\\.venv\\Lib\\site-packages\\sqlmesh\\migrations\\v0069_update_dev_table_suffix.py'> (migrator.py:185)
2025-12-13 14:37:53,523 - MainThread - sqlmesh.core.state_sync.db.migrator - INFO - Applying migration <module 'sqlmesh.migrations.v0070_include_grains_in_metadata_hash' from 'B:\\GitHub Repository\\Marketing-And-Ecommerce-ELT\\.venv\\Lib\\site-packages\\sqlmesh\\migrations\\v0070_include_grains_in_metadata_hash.py'> (migrator.py:185)
2025-12-13 14:37:53,523 - MainThread - sqlmesh.core.state_sync.db.migrator - INFO - Applying migration <module 'sqlmesh.migrations.v0071_add_dev_version_to_intervals' from 'B:\\GitHub Repository\\Marketing-And-Ecommerce-ELT\\.venv\\Lib\\site-packages\\sqlmesh\\migrations\\v0071_add_dev_version_to_intervals.py'> (migrator.py:185)
2025-12-13 14:37:53,526 - MainThread - sqlmesh.core.state_sync.db.migrator - INFO - Applying migration <module 'sqlmesh.migrations.v0072_add_environment_statements' from 'B:\\GitHub Repository\\Marketing-And-Ecommerce-ELT\\.venv\\Lib\\site-packages\\sqlmesh\\migrations\\v0072_add_environment_statements.py'> (migrator.py:185)
2025-12-13 14:37:53,533 - MainThread - sqlmesh.core.state_sync.db.migrator - INFO - Applying migration <module 'sqlmesh.migrations.v0073_remove_symbolic_disable_restatement' from 'B:\\GitHub Repository\\Marketing-And-Ecommerce-ELT\\.venv\\Lib\\site-packages\\sqlmesh\\migrations\\v0073_remove_symbolic_disable_restatement.py'> (migrator.py:185)
2025-12-13 14:37:53,533 - MainThread - sqlmesh.core.state_sync.db.migrator - INFO - Applying migration <module 'sqlmesh.migrations.v0074_add_partition_by_time_column_property' from 'B:\\GitHub Repository\\Marketing-And-Ecommerce-ELT\\.venv\\Lib\\site-packages\\sqlmesh\\migrations\\v0074_add_partition_by_time_column_property.py'> (migrator.py:185)
2025-12-13 14:37:53,533 - MainThread - sqlmesh.core.state_sync.db.migrator - INFO - Applying migration <module 'sqlmesh.migrations.v0075_remove_validate_query' from 'B:\\GitHub Repository\\Marketing-And-Ecommerce-ELT\\.venv\\Lib\\site-packages\\sqlmesh\\migrations\\v0075_remove_validate_query.py'> (migrator.py:185)
2025-12-13 14:37:53,534 - MainThread - sqlmesh.core.state_sync.db.migrator - INFO - Applying migration <module 'sqlmesh.migrations.v0076_add_cron_tz' from 'B:\\GitHub Repository\\Marketing-And-Ecommerce-ELT\\.venv\\Lib\\site-packages\\sqlmesh\\migrations\\v0076_add_cron_tz.py'> (migrator.py:185)
2025-12-13 14:37:53,534 - MainThread - sqlmesh.core.state_sync.db.migrator - INFO - Applying migration <module 'sqlmesh.migrations.v0077_fix_column_type_hash_calculation' from 'B:\\GitHub Repository\\Marketing-And-Ecommerce-ELT\\.venv\\Lib\\site-packages\\sqlmesh\\migrations\\v0077_fix_column_type_hash_calculation.py'> (migrator.py:185)
2025-12-13 14:37:53,534 - MainThread - sqlmesh.core.state_sync.db.migrator - INFO - Applying migration <module 'sqlmesh.migrations.v0078_warn_if_non_migratable_python_env' from 'B:\\GitHub Repository\\Marketing-And-Ecommerce-ELT\\.venv\\Lib\\site-packages\\sqlmesh\\migrations\\v0078_warn_if_non_migratable_python_env.py'> (migrator.py:185)
2025-12-13 14:37:53,534 - MainThread - sqlmesh.core.state_sync.db.migrator - INFO - Applying migration <module 'sqlmesh.migrations.v0079_add_gateway_managed_property' from 'B:\\GitHub Repository\\Marketing-And-Ecommerce-ELT\\.venv\\Lib\\site-packages\\sqlmesh\\migrations\\v0079_add_gateway_managed_property.py'> (migrator.py:185)
2025-12-13 14:37:53,537 - MainThread - sqlmesh.core.state_sync.db.migrator - INFO - Applying migration <module 'sqlmesh.migrations.v0080_add_batch_size_to_scd_type_2_models' from 'B:\\GitHub Repository\\Marketing-And-Ecommerce-ELT\\.venv\\Lib\\site-packages\\sqlmesh\\migrations\\v0080_add_batch_size_to_scd_type_2_models.py'> (migrator.py:185)
2025-12-13 14:37:53,537 - MainThread - sqlmesh.core.state_sync.db.migrator - INFO - Applying migration <module 'sqlmesh.migrations.v0081_update_partitioned_by' from 'B:\\GitHub Repository\\Marketing-And-Ecommerce-ELT\\.venv\\Lib\\site-packages\\sqlmesh\\migrations\\v0081_update_partitioned_by.py'> (migrator.py:185)
2025-12-13 14:37:53,537 - MainThread - sqlmesh.core.state_sync.db.migrator - INFO - Applying migration <module 'sqlmesh.migrations.v0082_warn_if_incorrectly_duplicated_statements' from 'B:\\GitHub Repository\\Marketing-And-Ecommerce-ELT\\.venv\\Lib\\site-packages\\sqlmesh\\migrations\\v0082_warn_if_incorrectly_duplicated_statements.py'> (migrator.py:185)
2025-12-13 14:37:53,537 - MainThread - sqlmesh.core.state_sync.db.migrator - INFO - Applying migration <module 'sqlmesh.migrations.v0083_use_sql_for_scd_time_data_type_data_hash' from 'B:\\GitHub Repository\\Marketing-And-Ecommerce-ELT\\.venv\\Lib\\site-packages\\sqlmesh\\migrations\\v0083_use_sql_for_scd_time_data_type_data_hash.py'> (migrator.py:185)
2025-12-13 14:37:53,537 - MainThread - sqlmesh.core.state_sync.db.migrator - INFO - Applying migration <module 'sqlmesh.migrations.v0084_normalize_quote_when_matched_and_merge_filter' from 'B:\\GitHub Repository\\Marketing-And-Ecommerce-ELT\\.venv\\Lib\\site-packages\\sqlmesh\\migrations\\v0084_normalize_quote_when_matched_and_merge_filter.py'> (migrator.py:185)
2025-12-13 14:37:53,537 - MainThread - sqlmesh.core.state_sync.db.migrator - INFO - Applying migration <module 'sqlmesh.migrations.v0085_deterministic_repr' from 'B:\\GitHub Repository\\Marketing-And-Ecommerce-ELT\\.venv\\Lib\\site-packages\\sqlmesh\\migrations\\v0085_deterministic_repr.py'> (migrator.py:185)
2025-12-13 14:37:53,537 - MainThread - sqlmesh.core.state_sync.db.migrator - INFO - Applying migration <module 'sqlmesh.migrations.v0086_check_deterministic_bug' from 'B:\\GitHub Repository\\Marketing-And-Ecommerce-ELT\\.venv\\Lib\\site-packages\\sqlmesh\\migrations\\v0086_check_deterministic_bug.py'> (migrator.py:185)
2025-12-13 14:37:53,537 - MainThread - sqlmesh.core.state_sync.db.migrator - INFO - Applying migration <module 'sqlmesh.migrations.v0087_normalize_blueprint_variables' from 'B:\\GitHub Repository\\Marketing-And-Ecommerce-ELT\\.venv\\Lib\\site-packages\\sqlmesh\\migrations\\v0087_normalize_blueprint_variables.py'> (migrator.py:185)
2025-12-13 14:37:53,538 - MainThread - sqlmesh.core.state_sync.db.migrator - INFO - Applying migration <module 'sqlmesh.migrations.v0088_warn_about_variable_python_env_diffs' from 'B:\\GitHub Repository\\Marketing-And-Ecommerce-ELT\\.venv\\Lib\\site-packages\\sqlmesh\\migrations\\v0088_warn_about_variable_python_env_diffs.py'> (migrator.py:185)
2025-12-13 14:37:53,538 - MainThread - sqlmesh.core.state_sync.db.migrator - INFO - Applying migration <module 'sqlmesh.migrations.v0089_add_virtual_environment_mode' from 'B:\\GitHub Repository\\Marketing-And-Ecommerce-ELT\\.venv\\Lib\\site-packages\\sqlmesh\\migrations\\v0089_add_virtual_environment_mode.py'> (migrator.py:185)
2025-12-13 14:37:53,538 - MainThread - sqlmesh.core.state_sync.db.migrator - INFO - Applying migration <module 'sqlmesh.migrations.v0090_add_forward_only_column' from 'B:\\GitHub Repository\\Marketing-And-Ecommerce-ELT\\.venv\\Lib\\site-packages\\sqlmesh\\migrations\\v0090_add_forward_only_column.py'> (migrator.py:185)
2025-12-13 14:37:53,541 - MainThread - sqlmesh.core.state_sync.db.migrator - INFO - Applying migration <module 'sqlmesh.migrations.v0091_on_additive_change' from 'B:\\GitHub Repository\\Marketing-And-Ecommerce-ELT\\.venv\\Lib\\site-packages\\sqlmesh\\migrations\\v0091_on_additive_change.py'> (migrator.py:185)
2025-12-13 14:37:53,541 - MainThread - sqlmesh.core.state_sync.db.migrator - INFO - Applying migration <module 'sqlmesh.migrations.v0092_warn_about_dbt_data_type_diff' from 'B:\\GitHub Repository\\Marketing-And-Ecommerce-ELT\\.venv\\Lib\\site-packages\\sqlmesh\\migrations\\v0092_warn_about_dbt_data_type_diff.py'> (migrator.py:185)
2025-12-13 14:37:53,541 - MainThread - sqlmesh.core.state_sync.db.migrator - INFO - Applying migration <module 'sqlmesh.migrations.v0093_use_raw_sql_in_fingerprint' from 'B:\\GitHub Repository\\Marketing-And-Ecommerce-ELT\\.venv\\Lib\\site-packages\\sqlmesh\\migrations\\v0093_use_raw_sql_in_fingerprint.py'> (migrator.py:185)
2025-12-13 14:37:53,542 - MainThread - sqlmesh.core.state_sync.db.migrator - INFO - Applying migration <module 'sqlmesh.migrations.v0094_add_dev_version_and_fingerprint_columns' from 'B:\\GitHub Repository\\Marketing-And-Ecommerce-ELT\\.venv\\Lib\\site-packages\\sqlmesh\\migrations\\v0094_add_dev_version_and_fingerprint_columns.py'> (migrator.py:185)
2025-12-13 14:37:53,549 - MainThread - sqlmesh.core.state_sync.db.migrator - INFO - Applying migration <module 'sqlmesh.migrations.v0095_warn_about_dbt_raw_sql_diff' from 'B:\\GitHub Repository\\Marketing-And-Ecommerce-ELT\\.venv\\Lib\\site-packages\\sqlmesh\\migrations\\v0095_warn_about_dbt_raw_sql_diff.py'> (migrator.py:185)
2025-12-13 14:37:53,549 - MainThread - sqlmesh.core.state_sync.db.migrator - INFO - Applying migration <module 'sqlmesh.migrations.v0096_remove_plan_dags_table' from 'B:\\GitHub Repository\\Marketing-And-Ecommerce-ELT\\.venv\\Lib\\site-packages\\sqlmesh\\migrations\\v0096_remove_plan_dags_table.py'> (migrator.py:185)
2025-12-13 14:37:53,550 - MainThread - sqlmesh.core.state_sync.db.migrator - INFO - Applying migration <module 'sqlmesh.migrations.v0097_add_dbt_name_in_node' from 'B:\\GitHub Repository\\Marketing-And-Ecommerce-ELT\\.venv\\Lib\\site-packages\\sqlmesh\\migrations\\v0097_add_dbt_name_in_node.py'> (migrator.py:185)
2025-12-13 14:37:53,550 - MainThread - sqlmesh.core.state_sync.db.migrator - INFO - Applying migration <module 'sqlmesh.migrations.v0098_add_dbt_node_info_in_node' from 'B:\\GitHub Repository\\Marketing-And-Ecommerce-ELT\\.venv\\Lib\\site-packages\\sqlmesh\\migrations\\v0098_add_dbt_node_info_in_node.py'> (migrator.py:185)
2025-12-13 14:37:53,551 - MainThread - sqlmesh.core.state_sync.db.migrator - INFO - Applying migration <module 'sqlmesh.migrations.v0099_add_last_altered_to_intervals' from 'B:\\GitHub Repository\\Marketing-And-Ecommerce-ELT\\.venv\\Lib\\site-packages\\sqlmesh\\migrations\\v0099_add_last_altered_to_intervals.py'> (migrator.py:185)
2025-12-13 14:37:53,553 - MainThread - sqlmesh.core.state_sync.db.migrator - INFO - Applying migration <module 'sqlmesh.migrations.v0100_add_grants_and_grants_target_layer' from 'B:\\GitHub Repository\\Marketing-And-Ecommerce-ELT\\.venv\\Lib\\site-packages\\sqlmesh\\migrations\\v0100_add_grants_and_grants_target_layer.py'> (migrator.py:185)
2025-12-13 14:37:53,555 - MainThread - sqlmesh.core.state_sync.db.migrator - INFO - Fetching environments (migrator.py:207)
2025-12-13 14:37:53,557 - MainThread - sqlmesh.core.state_sync.db.migrator - INFO - Migrating snapshot rows... (migrator.py:224)
2025-12-13 14:37:53,560 - MainThread - sqlmesh.core.state_sync.db.migrator - INFO - No changes to snapshots detected (migrator.py:217)
2025-12-13 14:37:57,375 - MainThread - sqlmesh.core.plan.evaluator - INFO - Evaluating plan stage CreateSnapshotRecordsStage (evaluator.py:123)
2025-12-13 14:37:57,419 - MainThread - sqlmesh.core.plan.evaluator - INFO - Evaluating plan stage PhysicalLayerSchemaCreationStage (evaluator.py:123)
2025-12-13 14:37:57,421 - MainThread - sqlmesh.core.snapshot.evaluator - INFO - Creating schema 'warehouse.sqlmesh__proyek_etl_saya' (evaluator.py:1449)
2025-12-13 14:37:57,421 - MainThread - sqlmesh.core.engine_adapter.base - INFO - Executing SQL: /* SQLMESH_PLAN: 2b6cd551ace044feb8584b5e998d065a */ CREATE SCHEMA IF NOT EXISTS "warehouse"."sqlmesh__proyek_etl_saya" (base.py:2619)
2025-12-13 14:37:57,423 - MainThread - sqlmesh.core.snapshot.evaluator - INFO - Creating schema 'warehouse.sqlmesh__sqlmesh_example' (evaluator.py:1449)
2025-12-13 14:37:57,424 - MainThread - sqlmesh.core.engine_adapter.base - INFO - Executing SQL: /* SQLMESH_PLAN: 2b6cd551ace044feb8584b5e998d065a */ CREATE SCHEMA IF NOT EXISTS "warehouse"."sqlmesh__sqlmesh_example" (base.py:2619)
2025-12-13 14:37:57,425 - MainThread - sqlmesh.core.plan.evaluator - INFO - Evaluating plan stage BackfillStage (evaluator.py:123)
2025-12-13 14:37:57,431 - MainThread - sqlmesh.core.snapshot.evaluator - INFO - Listing data objects in schema warehouse.sqlmesh__sqlmesh_example (evaluator.py:1616)
2025-12-13 14:37:57,432 - MainThread - sqlmesh.core.engine_adapter.base - INFO - Executing SQL: /* SQLMESH_PLAN: 2b6cd551ace044feb8584b5e998d065a */ SELECT CURRENT_CATALOG() (base.py:2619)
2025-12-13 14:37:57,434 - MainThread - sqlmesh.core.engine_adapter.base - INFO - Executing SQL: /* SQLMESH_PLAN: 2b6cd551ace044feb8584b5e998d065a */ SELECT CURRENT_CATALOG() (base.py:2619)
2025-12-13 14:37:57,438 - MainThread - sqlmesh.core.engine_adapter.base - INFO - Executing SQL: /* SQLMESH_PLAN: 2b6cd551ace044feb8584b5e998d065a */ SELECT table_name AS name, table_schema AS schema, CASE table_type WHEN 'BASE TABLE' THEN 'table' WHEN 'VIEW' THEN 'view' WHEN 'LOCAL TEMPORARY' THEN 'table' END AS type FROM system.information_schema.tables WHERE (table_catalog = 'warehouse' AND table_schema = 'sqlmesh__sqlmesh_example') AND table_name IN ('sqlmesh_example__seed_pendapatan__2581483422') (base.py:2619)
2025-12-13 14:37:57,452 - MainThread - sqlmesh.core.snapshot.evaluator - INFO - Listing data objects in schema warehouse.sqlmesh__proyek_etl_saya (evaluator.py:1616)
2025-12-13 14:37:57,453 - MainThread - sqlmesh.core.engine_adapter.base - INFO - Executing SQL: /* SQLMESH_PLAN: 2b6cd551ace044feb8584b5e998d065a */ SELECT CURRENT_CATALOG() (base.py:2619)
2025-12-13 14:37:57,454 - MainThread - sqlmesh.core.engine_adapter.base - INFO - Executing SQL: /* SQLMESH_PLAN: 2b6cd551ace044feb8584b5e998d065a */ SELECT CURRENT_CATALOG() (base.py:2619)
2025-12-13 14:37:57,465 - MainThread - sqlmesh.core.engine_adapter.base - INFO - Executing SQL: /* SQLMESH_PLAN: 2b6cd551ace044feb8584b5e998d065a */ SELECT table_name AS name, table_schema AS schema, CASE table_type WHEN 'BASE TABLE' THEN 'table' WHEN 'VIEW' THEN 'view' WHEN 'LOCAL TEMPORARY' THEN 'table' END AS type FROM system.information_schema.tables WHERE (table_catalog = 'warehouse' AND table_schema = 'sqlmesh__proyek_etl_saya') AND table_name IN ('proyek_etl_saya__pendapatan_harian__1372347723') (base.py:2619)
2025-12-13 14:37:57,485 - MainThread - sqlmesh.core.snapshot.evaluator - INFO - Evaluating snapshot SnapshotId<"warehouse"."sqlmesh_example"."seed_pendapatan": 2574392110> (evaluator.py:711)
2025-12-13 14:37:57,489 - MainThread - sqlmesh.core.snapshot.evaluator - INFO - Creating table 'warehouse.sqlmesh__sqlmesh_example.sqlmesh_example__seed_pendapatan__2581483422' (evaluator.py:2042)
2025-12-13 14:37:57,490 - MainThread - sqlmesh.core.engine_adapter.base - INFO - Executing SQL: /* SQLMESH_PLAN: 2b6cd551ace044feb8584b5e998d065a */ SELECT CURRENT_CATALOG() (base.py:2619)
2025-12-13 14:37:57,493 - MainThread - sqlmesh.core.engine_adapter.base - INFO - Executing SQL: /* SQLMESH_PLAN: 2b6cd551ace044feb8584b5e998d065a */ SELECT type FROM DUCKDB_DATABASES() WHERE database_name = 'warehouse' (base.py:2619)
2025-12-13 14:37:57,497 - MainThread - sqlmesh.core.engine_adapter.base - INFO - Executing SQL: /* SQLMESH_PLAN: 2b6cd551ace044feb8584b5e998d065a */ CREATE TABLE IF NOT EXISTS "warehouse"."sqlmesh__sqlmesh_example"."sqlmesh_example__seed_pendapatan__2581483422" ("id" INT, "produk" TEXT, "jumlah" INT, "harga" INT, "tanggal" DATE) (base.py:2619)
2025-12-13 14:37:57,645 - MainThread - sqlmesh.core.engine_adapter.base - INFO - Executing SQL: /* SQLMESH_PLAN: 2b6cd551ace044feb8584b5e998d065a */ SELECT CURRENT_CATALOG() (base.py:2619)
2025-12-13 14:37:57,648 - MainThread - sqlmesh.core.engine_adapter.base - INFO - Executing SQL: /* SQLMESH_PLAN: 2b6cd551ace044feb8584b5e998d065a */ SELECT CURRENT_CATALOG() (base.py:2619)
2025-12-13 14:37:57,652 - MainThread - sqlmesh.core.engine_adapter.base - INFO - Executing SQL: /* SQLMESH_PLAN: 2b6cd551ace044feb8584b5e998d065a */ SELECT table_name AS name, table_schema AS schema, CASE table_type WHEN 'BASE TABLE' THEN 'table' WHEN 'VIEW' THEN 'view' WHEN 'LOCAL TEMPORARY' THEN 'table' END AS type FROM system.information_schema.tables WHERE (table_catalog = 'warehouse' AND table_schema = 'sqlmesh__sqlmesh_example') AND table_name IN ('sqlmesh_example__seed_pendapatan__2581483422') (base.py:2619)
2025-12-13 14:37:57,696 - MainThread - sqlmesh.core.engine_adapter.base - INFO - Executing SQL: /* SQLMESH_PLAN: 2b6cd551ace044feb8584b5e998d065a */ SELECT CURRENT_CATALOG() (base.py:2619)
2025-12-13 14:37:57,699 - MainThread - sqlmesh.core.engine_adapter.base - INFO - Executing SQL: /* SQLMESH_PLAN: 2b6cd551ace044feb8584b5e998d065a */ SELECT type FROM DUCKDB_DATABASES() WHERE database_name = 'warehouse' (base.py:2619)
2025-12-13 14:37:57,705 - MainThread - sqlmesh.core.engine_adapter.base - INFO - Executing SQL: /* SQLMESH_PLAN: 2b6cd551ace044feb8584b5e998d065a */ CREATE OR REPLACE TABLE "warehouse"."sqlmesh__sqlmesh_example"."sqlmesh_example__seed_pendapatan__2581483422" AS SELECT CAST("id" AS INT) AS "id", CAST("produk" AS TEXT) AS "produk", CAST("jumlah" AS INT) AS "jumlah", CAST("harga" AS INT) AS "harga", CAST("tanggal" AS DATE) AS "tanggal" FROM (SELECT "id", "produk", "jumlah", "harga", "tanggal" FROM "warehouse"."sqlmesh__sqlmesh_example"."__temp_sqlmesh_example__seed_pendapatan__2581483422_b3zyb11q") AS "_subquery" (base.py:2619)
2025-12-13 14:37:57,716 - MainThread - sqlmesh.core.engine_adapter.base - INFO - Executing SQL: /* SQLMESH_PLAN: 2b6cd551ace044feb8584b5e998d065a */ DROP TABLE IF EXISTS "warehouse"."sqlmesh__sqlmesh_example"."__temp_sqlmesh_example__seed_pendapatan__2581483422_b3zyb11q" (base.py:2619)
2025-12-13 14:37:57,720 - MainThread - sqlmesh.core.state_sync.db.facade - INFO - Adding interval (2025-12-12 00:00:00, 2025-12-13 00:00:00) for snapshot SnapshotId<"warehouse"."sqlmesh_example"."seed_pendapatan": 2574392110> (facade.py:637)
2025-12-13 14:37:57,720 - MainThread - sqlmesh.core.state_sync.db.interval - INFO - Pushing intervals for snapshot SnapshotId<"warehouse"."sqlmesh_example"."seed_pendapatan": 2574392110> (interval.py:215)
2025-12-13 14:37:57,750 - MainThread - sqlmesh.core.snapshot.evaluator - INFO - Evaluating snapshot SnapshotId<"warehouse"."proyek_etl_saya"."pendapatan_harian": 3265057870> (evaluator.py:711)
2025-12-13 14:37:57,751 - MainThread - sqlmesh.core.snapshot.evaluator - INFO - Inserting data for snapshot SnapshotId<"warehouse"."proyek_etl_saya"."pendapatan_harian": 3265057870> (evaluator.py:952)
2025-12-13 14:37:57,762 - MainThread - sqlmesh.core.snapshot.evaluator - INFO - Inserting batch (2025-12-12 00:00:00, 2025-12-13 00:00:00) into warehouse.sqlmesh__proyek_etl_saya.proyek_etl_saya__pendapatan_harian__1372347723' (evaluator.py:984)
2025-12-13 14:37:57,765 - MainThread - sqlmesh.core.engine_adapter.base - INFO - Executing SQL: /* SQLMESH_PLAN: 2b6cd551ace044feb8584b5e998d065a */ SELECT CURRENT_CATALOG() (base.py:2619)
2025-12-13 14:37:57,767 - MainThread - sqlmesh.core.engine_adapter.base - INFO - Executing SQL: /* SQLMESH_PLAN: 2b6cd551ace044feb8584b5e998d065a */ SELECT type FROM DUCKDB_DATABASES() WHERE database_name = 'warehouse' (base.py:2619)
2025-12-13 14:37:57,770 - MainThread - sqlmesh.core.engine_adapter.base - INFO - Executing SQL: /* SQLMESH_PLAN: 2b6cd551ace044feb8584b5e998d065a */ CREATE OR REPLACE TABLE "warehouse"."sqlmesh__proyek_etl_saya"."proyek_etl_saya__pendapatan_harian__1372347723" AS SELECT CAST("tanggal" AS DATE) AS "tanggal", CAST("produk" AS TEXT) AS "produk", CAST("total_pendapatan" AS INT) AS "total_pendapatan", CAST("mata_uang" AS TEXT) AS "mata_uang" FROM (SELECT "seed_pendapatan"."tanggal" AS "tanggal", "seed_pendapatan"."produk" AS "produk", "seed_pendapatan"."jumlah" * "seed_pendapatan"."harga" AS "total_pendapatan", 'IDR' AS "mata_uang" FROM "warehouse"."sqlmesh__sqlmesh_example"."sqlmesh_example__seed_pendapatan__2581483422" AS "seed_pendapatan") AS "_subquery" (base.py:2619)
2025-12-13 14:37:57,774 - MainThread - sqlmesh.core.engine_adapter.base - INFO - Executing SQL: /* SQLMESH_PLAN: 2b6cd551ace044feb8584b5e998d065a */ COMMENT ON COLUMN "warehouse"."sqlmesh__proyek_etl_saya"."proyek_etl_saya__pendapatan_harian__1372347723"."total_pendapatan" IS 'Transformasi: Perkalian kolom' (base.py:2619)
2025-12-13 14:37:57,777 - MainThread - sqlmesh.core.engine_adapter.base - INFO - Executing SQL: /* SQLMESH_PLAN: 2b6cd551ace044feb8584b5e998d065a */ COMMENT ON COLUMN "warehouse"."sqlmesh__proyek_etl_saya"."proyek_etl_saya__pendapatan_harian__1372347723"."mata_uang" IS 'Transformasi: Menambah kolom baru' (base.py:2619)
2025-12-13 14:37:57,780 - MainThread - sqlmesh.core.state_sync.db.facade - INFO - Adding interval (2025-12-12 00:00:00, 2025-12-13 00:00:00) for snapshot SnapshotId<"warehouse"."proyek_etl_saya"."pendapatan_harian": 3265057870> (facade.py:637)
2025-12-13 14:37:57,780 - MainThread - sqlmesh.core.state_sync.db.interval - INFO - Pushing intervals for snapshot SnapshotId<"warehouse"."proyek_etl_saya"."pendapatan_harian": 3265057870> (interval.py:215)
2025-12-13 14:37:57,820 - MainThread - sqlmesh.core.plan.evaluator - INFO - Evaluating plan stage EnvironmentRecordUpdateStage (evaluator.py:123)
2025-12-13 14:37:57,821 - MainThread - sqlmesh.core.state_sync.db.facade - INFO - Promoting environment 'prod' (facade.py:167)
2025-12-13 14:37:57,861 - MainThread - sqlmesh.core.plan.evaluator - INFO - Evaluating plan stage UnpauseStage (evaluator.py:123)
2025-12-13 14:37:57,877 - MainThread - sqlmesh.core.plan.evaluator - INFO - Evaluating plan stage VirtualLayerUpdateStage (evaluator.py:123)
2025-12-13 14:37:57,884 - MainThread - sqlmesh.core.snapshot.evaluator - INFO - Creating schema 'warehouse.sqlmesh_example' (evaluator.py:1449)
2025-12-13 14:37:57,885 - MainThread - sqlmesh.core.engine_adapter.base - INFO - Executing SQL: /* SQLMESH_PLAN: 2b6cd551ace044feb8584b5e998d065a */ CREATE SCHEMA IF NOT EXISTS "warehouse"."sqlmesh_example" (base.py:2619)
2025-12-13 14:37:57,886 - MainThread - sqlmesh.core.snapshot.evaluator - INFO - Creating schema 'warehouse.proyek_etl_saya' (evaluator.py:1449)
2025-12-13 14:37:57,887 - MainThread - sqlmesh.core.engine_adapter.base - INFO - Executing SQL: /* SQLMESH_PLAN: 2b6cd551ace044feb8584b5e998d065a */ CREATE SCHEMA IF NOT EXISTS "warehouse"."proyek_etl_saya" (base.py:2619)
2025-12-13 14:37:57,889 - MainThread - sqlmesh.core.snapshot.evaluator - INFO - Listing data objects in schema warehouse.sqlmesh_example (evaluator.py:1616)
2025-12-13 14:37:57,890 - MainThread - sqlmesh.core.engine_adapter.base - INFO - Executing SQL: /* SQLMESH_PLAN: 2b6cd551ace044feb8584b5e998d065a */ SELECT CURRENT_CATALOG() (base.py:2619)
2025-12-13 14:37:57,891 - MainThread - sqlmesh.core.engine_adapter.base - INFO - Executing SQL: /* SQLMESH_PLAN: 2b6cd551ace044feb8584b5e998d065a */ SELECT CURRENT_CATALOG() (base.py:2619)
2025-12-13 14:37:57,896 - MainThread - sqlmesh.core.engine_adapter.base - INFO - Executing SQL: /* SQLMESH_PLAN: 2b6cd551ace044feb8584b5e998d065a */ SELECT table_name AS name, table_schema AS schema, CASE table_type WHEN 'BASE TABLE' THEN 'table' WHEN 'VIEW' THEN 'view' WHEN 'LOCAL TEMPORARY' THEN 'table' END AS type FROM system.information_schema.tables WHERE (table_catalog = 'warehouse' AND table_schema = 'sqlmesh_example') AND table_name IN ('seed_pendapatan') (base.py:2619)
2025-12-13 14:37:57,907 - MainThread - sqlmesh.core.snapshot.evaluator - INFO - Listing data objects in schema warehouse.proyek_etl_saya (evaluator.py:1616)
2025-12-13 14:37:57,908 - MainThread - sqlmesh.core.engine_adapter.base - INFO - Executing SQL: /* SQLMESH_PLAN: 2b6cd551ace044feb8584b5e998d065a */ SELECT CURRENT_CATALOG() (base.py:2619)
2025-12-13 14:37:57,909 - MainThread - sqlmesh.core.engine_adapter.base - INFO - Executing SQL: /* SQLMESH_PLAN: 2b6cd551ace044feb8584b5e998d065a */ SELECT CURRENT_CATALOG() (base.py:2619)
2025-12-13 14:37:57,914 - MainThread - sqlmesh.core.engine_adapter.base - INFO - Executing SQL: /* SQLMESH_PLAN: 2b6cd551ace044feb8584b5e998d065a */ SELECT table_name AS name, table_schema AS schema, CASE table_type WHEN 'BASE TABLE' THEN 'table' WHEN 'VIEW' THEN 'view' WHEN 'LOCAL TEMPORARY' THEN 'table' END AS type FROM system.information_schema.tables WHERE (table_catalog = 'warehouse' AND table_schema = 'proyek_etl_saya') AND table_name IN ('pendapatan_harian') (base.py:2619)
2025-12-13 14:37:57,928 - MainThread - sqlmesh.core.snapshot.evaluator - INFO - Updating view 'warehouse.sqlmesh_example.seed_pendapatan' to point at table 'warehouse.sqlmesh__sqlmesh_example.sqlmesh_example__seed_pendapatan__2581483422' (evaluator.py:1988)
2025-12-13 14:37:57,931 - MainThread - sqlmesh.core.engine_adapter.base - INFO - Executing SQL: /* SQLMESH_PLAN: 2b6cd551ace044feb8584b5e998d065a */ CREATE OR REPLACE VIEW "warehouse"."sqlmesh_example"."seed_pendapatan" AS SELECT * FROM "warehouse"."sqlmesh__sqlmesh_example"."sqlmesh_example__seed_pendapatan__2581483422" (base.py:2619)
2025-12-13 14:37:57,937 - MainThread - sqlmesh.core.snapshot.evaluator - INFO - Updating view 'warehouse.proyek_etl_saya.pendapatan_harian' to point at table 'warehouse.sqlmesh__proyek_etl_saya.proyek_etl_saya__pendapatan_harian__1372347723' (evaluator.py:1988)
2025-12-13 14:37:57,938 - MainThread - sqlmesh.core.engine_adapter.base - INFO - Executing SQL: /* SQLMESH_PLAN: 2b6cd551ace044feb8584b5e998d065a */ CREATE OR REPLACE VIEW "warehouse"."proyek_etl_saya"."pendapatan_harian" AS SELECT * FROM "warehouse"."sqlmesh__proyek_etl_saya"."proyek_etl_saya__pendapatan_harian__1372347723" (base.py:2619)
2025-12-13 14:37:57,941 - MainThread - sqlmesh.core.engine_adapter.base - INFO - Executing SQL: /* SQLMESH_PLAN: 2b6cd551ace044feb8584b5e998d065a */ COMMENT ON COLUMN "warehouse"."proyek_etl_saya"."pendapatan_harian"."total_pendapatan" IS 'Transformasi: Perkalian kolom' (base.py:2619)
2025-12-13 14:37:57,943 - MainThread - sqlmesh.core.engine_adapter.base - INFO - Executing SQL: /* SQLMESH_PLAN: 2b6cd551ace044feb8584b5e998d065a */ COMMENT ON COLUMN "warehouse"."proyek_etl_saya"."pendapatan_harian"."mata_uang" IS 'Transformasi: Menambah kolom baru' (base.py:2619)
2025-12-13 14:37:57,952 - MainThread - sqlmesh.core.plan.evaluator - INFO - Evaluating plan stage FinalizeEnvironmentStage (evaluator.py:123)
2025-12-13 14:37:57,952 - MainThread - sqlmesh.core.state_sync.db.environment - INFO - Finalizing environment 'prod' (environment.py:141)
2025-12-13 14:37:58,013 - MainThread - root - INFO - Shutting down the event dispatcher (dispatcher.py:159)
