2025-12-13 16:01:17,590 - MainThread - sqlmesh.core.config.connection - INFO - Creating new DuckDB adapter for data files: {'./warehouse.db'} (connection.py:492)
2025-12-13 16:01:19,514 - MainThread - sqlmesh.core.config.connection - INFO - Using existing DuckDB adapter due to overlapping data file: ./warehouse.db (connection.py:482)
2025-12-13 16:01:19,599 - MainThread - sqlmesh.core.state_sync.db.migrator - INFO - Applying migration <module 'sqlmesh.migrations.v0000_baseline' from 'B:\\GitHub Repository\\Marketing-And-Ecommerce-ELT\\.venv\\Lib\\site-packages\\sqlmesh\\migrations\\v0000_baseline.py'> (migrator.py:185)
2025-12-13 16:01:19,645 - MainThread - sqlmesh.core.state_sync.db.migrator - INFO - Applying migration <module 'sqlmesh.migrations.v0061_mysql_fix_blob_text_type' from 'B:\\GitHub Repository\\Marketing-And-Ecommerce-ELT\\.venv\\Lib\\site-packages\\sqlmesh\\migrations\\v0061_mysql_fix_blob_text_type.py'> (migrator.py:185)
2025-12-13 16:01:19,646 - MainThread - sqlmesh.core.state_sync.db.migrator - INFO - Applying migration <module 'sqlmesh.migrations.v0062_add_model_gateway' from 'B:\\GitHub Repository\\Marketing-And-Ecommerce-ELT\\.venv\\Lib\\site-packages\\sqlmesh\\migrations\\v0062_add_model_gateway.py'> (migrator.py:185)
2025-12-13 16:01:19,646 - MainThread - sqlmesh.core.state_sync.db.migrator - INFO - Applying migration <module 'sqlmesh.migrations.v0063_change_signals' from 'B:\\GitHub Repository\\Marketing-And-Ecommerce-ELT\\.venv\\Lib\\site-packages\\sqlmesh\\migrations\\v0063_change_signals.py'> (migrator.py:185)
2025-12-13 16:01:19,646 - MainThread - sqlmesh.core.state_sync.db.migrator - INFO - Applying migration <module 'sqlmesh.migrations.v0064_join_when_matched_strings' from 'B:\\GitHub Repository\\Marketing-And-Ecommerce-ELT\\.venv\\Lib\\site-packages\\sqlmesh\\migrations\\v0064_join_when_matched_strings.py'> (migrator.py:185)
2025-12-13 16:01:19,646 - MainThread - sqlmesh.core.state_sync.db.migrator - INFO - Applying migration <module 'sqlmesh.migrations.v0065_add_model_optimize' from 'B:\\GitHub Repository\\Marketing-And-Ecommerce-ELT\\.venv\\Lib\\site-packages\\sqlmesh\\migrations\\v0065_add_model_optimize.py'> (migrator.py:185)
2025-12-13 16:01:19,646 - MainThread - sqlmesh.core.state_sync.db.migrator - INFO - Applying migration <module 'sqlmesh.migrations.v0066_add_auto_restatements' from 'B:\\GitHub Repository\\Marketing-And-Ecommerce-ELT\\.venv\\Lib\\site-packages\\sqlmesh\\migrations\\v0066_add_auto_restatements.py'> (migrator.py:185)
2025-12-13 16:01:19,658 - MainThread - sqlmesh.core.state_sync.db.migrator - INFO - Applying migration <module 'sqlmesh.migrations.v0067_add_tsql_date_full_precision' from 'B:\\GitHub Repository\\Marketing-And-Ecommerce-ELT\\.venv\\Lib\\site-packages\\sqlmesh\\migrations\\v0067_add_tsql_date_full_precision.py'> (migrator.py:185)
2025-12-13 16:01:19,658 - MainThread - sqlmesh.core.state_sync.db.migrator - INFO - Applying migration <module 'sqlmesh.migrations.v0068_include_unrendered_query_in_metadata_hash' from 'B:\\GitHub Repository\\Marketing-And-Ecommerce-ELT\\.venv\\Lib\\site-packages\\sqlmesh\\migrations\\v0068_include_unrendered_query_in_metadata_hash.py'> (migrator.py:185)
2025-12-13 16:01:19,658 - MainThread - sqlmesh.core.state_sync.db.migrator - INFO - Applying migration <module 'sqlmesh.migrations.v0069_update_dev_table_suffix' from 'B:\\GitHub Repository\\Marketing-And-Ecommerce-ELT\\.venv\\Lib\\site-packages\\sqlmesh\\migrations\\v0069_update_dev_table_suffix.py'> (migrator.py:185)
2025-12-13 16:01:19,659 - MainThread - sqlmesh.core.state_sync.db.migrator - INFO - Applying migration <module 'sqlmesh.migrations.v0070_include_grains_in_metadata_hash' from 'B:\\GitHub Repository\\Marketing-And-Ecommerce-ELT\\.venv\\Lib\\site-packages\\sqlmesh\\migrations\\v0070_include_grains_in_metadata_hash.py'> (migrator.py:185)
2025-12-13 16:01:19,659 - MainThread - sqlmesh.core.state_sync.db.migrator - INFO - Applying migration <module 'sqlmesh.migrations.v0071_add_dev_version_to_intervals' from 'B:\\GitHub Repository\\Marketing-And-Ecommerce-ELT\\.venv\\Lib\\site-packages\\sqlmesh\\migrations\\v0071_add_dev_version_to_intervals.py'> (migrator.py:185)
2025-12-13 16:01:19,662 - MainThread - sqlmesh.core.state_sync.db.migrator - INFO - Applying migration <module 'sqlmesh.migrations.v0072_add_environment_statements' from 'B:\\GitHub Repository\\Marketing-And-Ecommerce-ELT\\.venv\\Lib\\site-packages\\sqlmesh\\migrations\\v0072_add_environment_statements.py'> (migrator.py:185)
2025-12-13 16:01:19,670 - MainThread - sqlmesh.core.state_sync.db.migrator - INFO - Applying migration <module 'sqlmesh.migrations.v0073_remove_symbolic_disable_restatement' from 'B:\\GitHub Repository\\Marketing-And-Ecommerce-ELT\\.venv\\Lib\\site-packages\\sqlmesh\\migrations\\v0073_remove_symbolic_disable_restatement.py'> (migrator.py:185)
2025-12-13 16:01:19,670 - MainThread - sqlmesh.core.state_sync.db.migrator - INFO - Applying migration <module 'sqlmesh.migrations.v0074_add_partition_by_time_column_property' from 'B:\\GitHub Repository\\Marketing-And-Ecommerce-ELT\\.venv\\Lib\\site-packages\\sqlmesh\\migrations\\v0074_add_partition_by_time_column_property.py'> (migrator.py:185)
2025-12-13 16:01:19,670 - MainThread - sqlmesh.core.state_sync.db.migrator - INFO - Applying migration <module 'sqlmesh.migrations.v0075_remove_validate_query' from 'B:\\GitHub Repository\\Marketing-And-Ecommerce-ELT\\.venv\\Lib\\site-packages\\sqlmesh\\migrations\\v0075_remove_validate_query.py'> (migrator.py:185)
2025-12-13 16:01:19,670 - MainThread - sqlmesh.core.state_sync.db.migrator - INFO - Applying migration <module 'sqlmesh.migrations.v0076_add_cron_tz' from 'B:\\GitHub Repository\\Marketing-And-Ecommerce-ELT\\.venv\\Lib\\site-packages\\sqlmesh\\migrations\\v0076_add_cron_tz.py'> (migrator.py:185)
2025-12-13 16:01:19,670 - MainThread - sqlmesh.core.state_sync.db.migrator - INFO - Applying migration <module 'sqlmesh.migrations.v0077_fix_column_type_hash_calculation' from 'B:\\GitHub Repository\\Marketing-And-Ecommerce-ELT\\.venv\\Lib\\site-packages\\sqlmesh\\migrations\\v0077_fix_column_type_hash_calculation.py'> (migrator.py:185)
2025-12-13 16:01:19,670 - MainThread - sqlmesh.core.state_sync.db.migrator - INFO - Applying migration <module 'sqlmesh.migrations.v0078_warn_if_non_migratable_python_env' from 'B:\\GitHub Repository\\Marketing-And-Ecommerce-ELT\\.venv\\Lib\\site-packages\\sqlmesh\\migrations\\v0078_warn_if_non_migratable_python_env.py'> (migrator.py:185)
2025-12-13 16:01:19,670 - MainThread - sqlmesh.core.state_sync.db.migrator - INFO - Applying migration <module 'sqlmesh.migrations.v0079_add_gateway_managed_property' from 'B:\\GitHub Repository\\Marketing-And-Ecommerce-ELT\\.venv\\Lib\\site-packages\\sqlmesh\\migrations\\v0079_add_gateway_managed_property.py'> (migrator.py:185)
2025-12-13 16:01:19,673 - MainThread - sqlmesh.core.state_sync.db.migrator - INFO - Applying migration <module 'sqlmesh.migrations.v0080_add_batch_size_to_scd_type_2_models' from 'B:\\GitHub Repository\\Marketing-And-Ecommerce-ELT\\.venv\\Lib\\site-packages\\sqlmesh\\migrations\\v0080_add_batch_size_to_scd_type_2_models.py'> (migrator.py:185)
2025-12-13 16:01:19,673 - MainThread - sqlmesh.core.state_sync.db.migrator - INFO - Applying migration <module 'sqlmesh.migrations.v0081_update_partitioned_by' from 'B:\\GitHub Repository\\Marketing-And-Ecommerce-ELT\\.venv\\Lib\\site-packages\\sqlmesh\\migrations\\v0081_update_partitioned_by.py'> (migrator.py:185)
2025-12-13 16:01:19,673 - MainThread - sqlmesh.core.state_sync.db.migrator - INFO - Applying migration <module 'sqlmesh.migrations.v0082_warn_if_incorrectly_duplicated_statements' from 'B:\\GitHub Repository\\Marketing-And-Ecommerce-ELT\\.venv\\Lib\\site-packages\\sqlmesh\\migrations\\v0082_warn_if_incorrectly_duplicated_statements.py'> (migrator.py:185)
2025-12-13 16:01:19,673 - MainThread - sqlmesh.core.state_sync.db.migrator - INFO - Applying migration <module 'sqlmesh.migrations.v0083_use_sql_for_scd_time_data_type_data_hash' from 'B:\\GitHub Repository\\Marketing-And-Ecommerce-ELT\\.venv\\Lib\\site-packages\\sqlmesh\\migrations\\v0083_use_sql_for_scd_time_data_type_data_hash.py'> (migrator.py:185)
2025-12-13 16:01:19,673 - MainThread - sqlmesh.core.state_sync.db.migrator - INFO - Applying migration <module 'sqlmesh.migrations.v0084_normalize_quote_when_matched_and_merge_filter' from 'B:\\GitHub Repository\\Marketing-And-Ecommerce-ELT\\.venv\\Lib\\site-packages\\sqlmesh\\migrations\\v0084_normalize_quote_when_matched_and_merge_filter.py'> (migrator.py:185)
2025-12-13 16:01:19,674 - MainThread - sqlmesh.core.state_sync.db.migrator - INFO - Applying migration <module 'sqlmesh.migrations.v0085_deterministic_repr' from 'B:\\GitHub Repository\\Marketing-And-Ecommerce-ELT\\.venv\\Lib\\site-packages\\sqlmesh\\migrations\\v0085_deterministic_repr.py'> (migrator.py:185)
2025-12-13 16:01:19,674 - MainThread - sqlmesh.core.state_sync.db.migrator - INFO - Applying migration <module 'sqlmesh.migrations.v0086_check_deterministic_bug' from 'B:\\GitHub Repository\\Marketing-And-Ecommerce-ELT\\.venv\\Lib\\site-packages\\sqlmesh\\migrations\\v0086_check_deterministic_bug.py'> (migrator.py:185)
2025-12-13 16:01:19,674 - MainThread - sqlmesh.core.state_sync.db.migrator - INFO - Applying migration <module 'sqlmesh.migrations.v0087_normalize_blueprint_variables' from 'B:\\GitHub Repository\\Marketing-And-Ecommerce-ELT\\.venv\\Lib\\site-packages\\sqlmesh\\migrations\\v0087_normalize_blueprint_variables.py'> (migrator.py:185)
2025-12-13 16:01:19,674 - MainThread - sqlmesh.core.state_sync.db.migrator - INFO - Applying migration <module 'sqlmesh.migrations.v0088_warn_about_variable_python_env_diffs' from 'B:\\GitHub Repository\\Marketing-And-Ecommerce-ELT\\.venv\\Lib\\site-packages\\sqlmesh\\migrations\\v0088_warn_about_variable_python_env_diffs.py'> (migrator.py:185)
2025-12-13 16:01:19,674 - MainThread - sqlmesh.core.state_sync.db.migrator - INFO - Applying migration <module 'sqlmesh.migrations.v0089_add_virtual_environment_mode' from 'B:\\GitHub Repository\\Marketing-And-Ecommerce-ELT\\.venv\\Lib\\site-packages\\sqlmesh\\migrations\\v0089_add_virtual_environment_mode.py'> (migrator.py:185)
2025-12-13 16:01:19,674 - MainThread - sqlmesh.core.state_sync.db.migrator - INFO - Applying migration <module 'sqlmesh.migrations.v0090_add_forward_only_column' from 'B:\\GitHub Repository\\Marketing-And-Ecommerce-ELT\\.venv\\Lib\\site-packages\\sqlmesh\\migrations\\v0090_add_forward_only_column.py'> (migrator.py:185)
2025-12-13 16:01:19,677 - MainThread - sqlmesh.core.state_sync.db.migrator - INFO - Applying migration <module 'sqlmesh.migrations.v0091_on_additive_change' from 'B:\\GitHub Repository\\Marketing-And-Ecommerce-ELT\\.venv\\Lib\\site-packages\\sqlmesh\\migrations\\v0091_on_additive_change.py'> (migrator.py:185)
2025-12-13 16:01:19,677 - MainThread - sqlmesh.core.state_sync.db.migrator - INFO - Applying migration <module 'sqlmesh.migrations.v0092_warn_about_dbt_data_type_diff' from 'B:\\GitHub Repository\\Marketing-And-Ecommerce-ELT\\.venv\\Lib\\site-packages\\sqlmesh\\migrations\\v0092_warn_about_dbt_data_type_diff.py'> (migrator.py:185)
2025-12-13 16:01:19,678 - MainThread - sqlmesh.core.state_sync.db.migrator - INFO - Applying migration <module 'sqlmesh.migrations.v0093_use_raw_sql_in_fingerprint' from 'B:\\GitHub Repository\\Marketing-And-Ecommerce-ELT\\.venv\\Lib\\site-packages\\sqlmesh\\migrations\\v0093_use_raw_sql_in_fingerprint.py'> (migrator.py:185)
2025-12-13 16:01:19,678 - MainThread - sqlmesh.core.state_sync.db.migrator - INFO - Applying migration <module 'sqlmesh.migrations.v0094_add_dev_version_and_fingerprint_columns' from 'B:\\GitHub Repository\\Marketing-And-Ecommerce-ELT\\.venv\\Lib\\site-packages\\sqlmesh\\migrations\\v0094_add_dev_version_and_fingerprint_columns.py'> (migrator.py:185)
2025-12-13 16:01:19,683 - MainThread - sqlmesh.core.state_sync.db.migrator - INFO - Applying migration <module 'sqlmesh.migrations.v0095_warn_about_dbt_raw_sql_diff' from 'B:\\GitHub Repository\\Marketing-And-Ecommerce-ELT\\.venv\\Lib\\site-packages\\sqlmesh\\migrations\\v0095_warn_about_dbt_raw_sql_diff.py'> (migrator.py:185)
2025-12-13 16:01:19,684 - MainThread - sqlmesh.core.state_sync.db.migrator - INFO - Applying migration <module 'sqlmesh.migrations.v0096_remove_plan_dags_table' from 'B:\\GitHub Repository\\Marketing-And-Ecommerce-ELT\\.venv\\Lib\\site-packages\\sqlmesh\\migrations\\v0096_remove_plan_dags_table.py'> (migrator.py:185)
2025-12-13 16:01:19,686 - MainThread - sqlmesh.core.state_sync.db.migrator - INFO - Applying migration <module 'sqlmesh.migrations.v0097_add_dbt_name_in_node' from 'B:\\GitHub Repository\\Marketing-And-Ecommerce-ELT\\.venv\\Lib\\site-packages\\sqlmesh\\migrations\\v0097_add_dbt_name_in_node.py'> (migrator.py:185)
2025-12-13 16:01:19,686 - MainThread - sqlmesh.core.state_sync.db.migrator - INFO - Applying migration <module 'sqlmesh.migrations.v0098_add_dbt_node_info_in_node' from 'B:\\GitHub Repository\\Marketing-And-Ecommerce-ELT\\.venv\\Lib\\site-packages\\sqlmesh\\migrations\\v0098_add_dbt_node_info_in_node.py'> (migrator.py:185)
2025-12-13 16:01:19,686 - MainThread - sqlmesh.core.state_sync.db.migrator - INFO - Applying migration <module 'sqlmesh.migrations.v0099_add_last_altered_to_intervals' from 'B:\\GitHub Repository\\Marketing-And-Ecommerce-ELT\\.venv\\Lib\\site-packages\\sqlmesh\\migrations\\v0099_add_last_altered_to_intervals.py'> (migrator.py:185)
2025-12-13 16:01:19,689 - MainThread - sqlmesh.core.state_sync.db.migrator - INFO - Applying migration <module 'sqlmesh.migrations.v0100_add_grants_and_grants_target_layer' from 'B:\\GitHub Repository\\Marketing-And-Ecommerce-ELT\\.venv\\Lib\\site-packages\\sqlmesh\\migrations\\v0100_add_grants_and_grants_target_layer.py'> (migrator.py:185)
2025-12-13 16:01:19,691 - MainThread - sqlmesh.core.state_sync.db.migrator - INFO - Fetching environments (migrator.py:207)
2025-12-13 16:01:19,698 - MainThread - sqlmesh.core.state_sync.db.migrator - INFO - Migrating snapshot rows... (migrator.py:224)
2025-12-13 16:01:19,702 - MainThread - sqlmesh.core.state_sync.db.migrator - INFO - No changes to snapshots detected (migrator.py:217)
2025-12-13 16:01:25,698 - MainThread - sqlmesh.core.plan.evaluator - INFO - Evaluating plan stage CreateSnapshotRecordsStage (evaluator.py:123)
2025-12-13 16:01:25,741 - MainThread - sqlmesh.core.plan.evaluator - INFO - Evaluating plan stage PhysicalLayerSchemaCreationStage (evaluator.py:123)
2025-12-13 16:01:25,743 - MainThread - sqlmesh.core.snapshot.evaluator - INFO - Creating schema 'warehouse.sqlmesh__datamarketingseeds' (evaluator.py:1449)
2025-12-13 16:01:25,743 - MainThread - sqlmesh.core.engine_adapter.base - INFO - Executing SQL: /* SQLMESH_PLAN: f5e60ca01a854440ae91b5d6a673ea51 */ CREATE SCHEMA IF NOT EXISTS "warehouse"."sqlmesh__datamarketingseeds" (base.py:2619)
2025-12-13 16:01:25,745 - MainThread - sqlmesh.core.plan.evaluator - INFO - Evaluating plan stage BackfillStage (evaluator.py:123)
2025-12-13 16:01:25,749 - MainThread - sqlmesh.core.snapshot.evaluator - INFO - Listing data objects in schema warehouse.sqlmesh__datamarketingseeds (evaluator.py:1616)
2025-12-13 16:01:25,750 - MainThread - sqlmesh.core.engine_adapter.base - INFO - Executing SQL: /* SQLMESH_PLAN: f5e60ca01a854440ae91b5d6a673ea51 */ SELECT CURRENT_CATALOG() (base.py:2619)
2025-12-13 16:01:25,751 - MainThread - sqlmesh.core.engine_adapter.base - INFO - Executing SQL: /* SQLMESH_PLAN: f5e60ca01a854440ae91b5d6a673ea51 */ SELECT CURRENT_CATALOG() (base.py:2619)
2025-12-13 16:01:25,753 - MainThread - sqlmesh.core.engine_adapter.base - INFO - Executing SQL: /* SQLMESH_PLAN: f5e60ca01a854440ae91b5d6a673ea51 */ SELECT table_name AS name, table_schema AS schema, CASE table_type WHEN 'BASE TABLE' THEN 'table' WHEN 'VIEW' THEN 'view' WHEN 'LOCAL TEMPORARY' THEN 'table' END AS type FROM system.information_schema.tables WHERE (table_catalog = 'warehouse' AND table_schema = 'sqlmesh__datamarketingseeds') AND table_name IN ('datamarketingseeds__campaigns__3732285212', 'datamarketingseeds__products__1022346861') (base.py:2619)
2025-12-13 16:01:25,764 - MainThread - sqlmesh.core.snapshot.evaluator - INFO - Evaluating snapshot SnapshotId<"warehouse"."datamarketingseeds"."campaigns": 275303755> (evaluator.py:711)
2025-12-13 16:01:25,766 - MainThread - sqlmesh.core.snapshot.evaluator - INFO - Creating table 'warehouse.sqlmesh__datamarketingseeds.datamarketingseeds__campaigns__3732285212' (evaluator.py:2042)
2025-12-13 16:01:25,768 - MainThread - sqlmesh.core.engine_adapter.base - INFO - Executing SQL: /* SQLMESH_PLAN: f5e60ca01a854440ae91b5d6a673ea51 */ SELECT CURRENT_CATALOG() (base.py:2619)
2025-12-13 16:01:25,770 - MainThread - sqlmesh.core.engine_adapter.base - INFO - Executing SQL: /* SQLMESH_PLAN: f5e60ca01a854440ae91b5d6a673ea51 */ SELECT type FROM DUCKDB_DATABASES() WHERE database_name = 'warehouse' (base.py:2619)
2025-12-13 16:01:25,773 - MainThread - sqlmesh.core.engine_adapter.base - INFO - Executing SQL: /* SQLMESH_PLAN: f5e60ca01a854440ae91b5d6a673ea51 */ CREATE TABLE IF NOT EXISTS "warehouse"."sqlmesh__datamarketingseeds"."datamarketingseeds__campaigns__3732285212" ("campaign_id" INT, "channel" TEXT, "objective" TEXT, "start_date" DATE, "end_date" DATE, "target_segment" TEXT, "expected_uplift" REAL) (base.py:2619)
2025-12-13 16:01:25,830 - MainThread - sqlmesh.core.engine_adapter.base - INFO - Executing SQL: /* SQLMESH_PLAN: f5e60ca01a854440ae91b5d6a673ea51 */ SELECT CURRENT_CATALOG() (base.py:2619)
2025-12-13 16:01:25,831 - MainThread - sqlmesh.core.engine_adapter.base - INFO - Executing SQL: /* SQLMESH_PLAN: f5e60ca01a854440ae91b5d6a673ea51 */ SELECT CURRENT_CATALOG() (base.py:2619)
2025-12-13 16:01:25,837 - MainThread - sqlmesh.core.engine_adapter.base - INFO - Executing SQL: /* SQLMESH_PLAN: f5e60ca01a854440ae91b5d6a673ea51 */ SELECT table_name AS name, table_schema AS schema, CASE table_type WHEN 'BASE TABLE' THEN 'table' WHEN 'VIEW' THEN 'view' WHEN 'LOCAL TEMPORARY' THEN 'table' END AS type FROM system.information_schema.tables WHERE (table_catalog = 'warehouse' AND table_schema = 'sqlmesh__datamarketingseeds') AND table_name IN ('datamarketingseeds__campaigns__3732285212') (base.py:2619)
2025-12-13 16:01:25,869 - MainThread - sqlmesh.core.engine_adapter.base - INFO - Executing SQL: /* SQLMESH_PLAN: f5e60ca01a854440ae91b5d6a673ea51 */ SELECT CURRENT_CATALOG() (base.py:2619)
2025-12-13 16:01:25,871 - MainThread - sqlmesh.core.engine_adapter.base - INFO - Executing SQL: /* SQLMESH_PLAN: f5e60ca01a854440ae91b5d6a673ea51 */ SELECT type FROM DUCKDB_DATABASES() WHERE database_name = 'warehouse' (base.py:2619)
2025-12-13 16:01:25,875 - MainThread - sqlmesh.core.engine_adapter.base - INFO - Executing SQL: /* SQLMESH_PLAN: f5e60ca01a854440ae91b5d6a673ea51 */ CREATE OR REPLACE TABLE "warehouse"."sqlmesh__datamarketingseeds"."datamarketingseeds__campaigns__3732285212" AS SELECT CAST("campaign_id" AS INT) AS "campaign_id", CAST("channel" AS TEXT) AS "channel", CAST("objective" AS TEXT) AS "objective", CAST("start_date" AS DATE) AS "start_date", CAST("end_date" AS DATE) AS "end_date", CAST("target_segment" AS TEXT) AS "target_segment", CAST("expected_uplift" AS REAL) AS "expected_uplift" FROM (SELECT "campaign_id", "channel", "objective", "start_date", "end_date", "target_segment", "expected_uplift" FROM "warehouse"."sqlmesh__datamarketingseeds"."__temp_datamarketingseeds__campaigns__3732285212_34eypgjn") AS "_subquery" (base.py:2619)
2025-12-13 16:01:25,878 - MainThread - sqlmesh.core.engine_adapter.base - INFO - Executing SQL: /* SQLMESH_PLAN: f5e60ca01a854440ae91b5d6a673ea51 */ DROP TABLE IF EXISTS "warehouse"."sqlmesh__datamarketingseeds"."__temp_datamarketingseeds__campaigns__3732285212_34eypgjn" (base.py:2619)
2025-12-13 16:01:25,881 - MainThread - sqlmesh.core.state_sync.db.facade - INFO - Adding interval (2025-12-12 00:00:00, 2025-12-13 00:00:00) for snapshot SnapshotId<"warehouse"."datamarketingseeds"."campaigns": 275303755> (facade.py:637)
2025-12-13 16:01:25,881 - MainThread - sqlmesh.core.state_sync.db.interval - INFO - Pushing intervals for snapshot SnapshotId<"warehouse"."datamarketingseeds"."campaigns": 275303755> (interval.py:215)
2025-12-13 16:01:25,907 - MainThread - sqlmesh.core.snapshot.evaluator - INFO - Evaluating snapshot SnapshotId<"warehouse"."datamarketingseeds"."products": 457215028> (evaluator.py:711)
2025-12-13 16:01:25,909 - MainThread - sqlmesh.core.snapshot.evaluator - INFO - Creating table 'warehouse.sqlmesh__datamarketingseeds.datamarketingseeds__products__1022346861' (evaluator.py:2042)
2025-12-13 16:01:25,910 - MainThread - sqlmesh.core.engine_adapter.base - INFO - Executing SQL: /* SQLMESH_PLAN: f5e60ca01a854440ae91b5d6a673ea51 */ SELECT CURRENT_CATALOG() (base.py:2619)
2025-12-13 16:01:25,912 - MainThread - sqlmesh.core.engine_adapter.base - INFO - Executing SQL: /* SQLMESH_PLAN: f5e60ca01a854440ae91b5d6a673ea51 */ SELECT type FROM DUCKDB_DATABASES() WHERE database_name = 'warehouse' (base.py:2619)
2025-12-13 16:01:25,915 - MainThread - sqlmesh.core.engine_adapter.base - INFO - Executing SQL: /* SQLMESH_PLAN: f5e60ca01a854440ae91b5d6a673ea51 */ CREATE TABLE IF NOT EXISTS "warehouse"."sqlmesh__datamarketingseeds"."datamarketingseeds__products__1022346861" ("product_id" INT, "category" TEXT, "brand" TEXT, "base_price" REAL, "launch_date" DATE, "is_premium" INT) (base.py:2619)
2025-12-13 16:01:25,960 - MainThread - sqlmesh.core.engine_adapter.base - INFO - Executing SQL: /* SQLMESH_PLAN: f5e60ca01a854440ae91b5d6a673ea51 */ SELECT CURRENT_CATALOG() (base.py:2619)
2025-12-13 16:01:25,961 - MainThread - sqlmesh.core.engine_adapter.base - INFO - Executing SQL: /* SQLMESH_PLAN: f5e60ca01a854440ae91b5d6a673ea51 */ SELECT CURRENT_CATALOG() (base.py:2619)
2025-12-13 16:01:25,964 - MainThread - sqlmesh.core.engine_adapter.base - INFO - Executing SQL: /* SQLMESH_PLAN: f5e60ca01a854440ae91b5d6a673ea51 */ SELECT table_name AS name, table_schema AS schema, CASE table_type WHEN 'BASE TABLE' THEN 'table' WHEN 'VIEW' THEN 'view' WHEN 'LOCAL TEMPORARY' THEN 'table' END AS type FROM system.information_schema.tables WHERE (table_catalog = 'warehouse' AND table_schema = 'sqlmesh__datamarketingseeds') AND table_name IN ('datamarketingseeds__products__1022346861') (base.py:2619)
2025-12-13 16:01:25,990 - MainThread - sqlmesh.core.engine_adapter.base - INFO - Executing SQL: /* SQLMESH_PLAN: f5e60ca01a854440ae91b5d6a673ea51 */ SELECT CURRENT_CATALOG() (base.py:2619)
2025-12-13 16:01:25,992 - MainThread - sqlmesh.core.engine_adapter.base - INFO - Executing SQL: /* SQLMESH_PLAN: f5e60ca01a854440ae91b5d6a673ea51 */ SELECT type FROM DUCKDB_DATABASES() WHERE database_name = 'warehouse' (base.py:2619)
2025-12-13 16:01:25,995 - MainThread - sqlmesh.core.engine_adapter.base - INFO - Executing SQL: /* SQLMESH_PLAN: f5e60ca01a854440ae91b5d6a673ea51 */ CREATE OR REPLACE TABLE "warehouse"."sqlmesh__datamarketingseeds"."datamarketingseeds__products__1022346861" AS SELECT CAST("product_id" AS INT) AS "product_id", CAST("category" AS TEXT) AS "category", CAST("brand" AS TEXT) AS "brand", CAST("base_price" AS REAL) AS "base_price", CAST("launch_date" AS DATE) AS "launch_date", CAST("is_premium" AS INT) AS "is_premium" FROM (SELECT "product_id", "category", "brand", "base_price", "launch_date", "is_premium" FROM "warehouse"."sqlmesh__datamarketingseeds"."__temp_datamarketingseeds__products__1022346861_qlivh8db") AS "_subquery" (base.py:2619)
2025-12-13 16:01:26,000 - MainThread - sqlmesh.core.engine_adapter.base - INFO - Executing SQL: /* SQLMESH_PLAN: f5e60ca01a854440ae91b5d6a673ea51 */ DROP TABLE IF EXISTS "warehouse"."sqlmesh__datamarketingseeds"."__temp_datamarketingseeds__products__1022346861_qlivh8db" (base.py:2619)
2025-12-13 16:01:26,056 - MainThread - sqlmesh.core.engine_adapter.base - INFO - Executing SQL: /* SQLMESH_PLAN: f5e60ca01a854440ae91b5d6a673ea51 */ INSERT INTO "warehouse"."sqlmesh__datamarketingseeds"."datamarketingseeds__products__1022346861" ("product_id", "category", "brand", "base_price", "launch_date", "is_premium") SELECT "product_id", "category", "brand", "base_price", "launch_date", "is_premium" FROM "warehouse"."sqlmesh__datamarketingseeds"."__temp_datamarketingseeds__products__1022346861_mgu4r5od" (base.py:2619)
2025-12-13 16:01:26,059 - MainThread - sqlmesh.core.engine_adapter.base - INFO - Executing SQL: /* SQLMESH_PLAN: f5e60ca01a854440ae91b5d6a673ea51 */ DROP TABLE IF EXISTS "warehouse"."sqlmesh__datamarketingseeds"."__temp_datamarketingseeds__products__1022346861_mgu4r5od" (base.py:2619)
2025-12-13 16:01:26,063 - MainThread - sqlmesh.core.state_sync.db.facade - INFO - Adding interval (2025-12-12 00:00:00, 2025-12-13 00:00:00) for snapshot SnapshotId<"warehouse"."datamarketingseeds"."products": 457215028> (facade.py:637)
2025-12-13 16:01:26,064 - MainThread - sqlmesh.core.state_sync.db.interval - INFO - Pushing intervals for snapshot SnapshotId<"warehouse"."datamarketingseeds"."products": 457215028> (interval.py:215)
2025-12-13 16:01:26,099 - MainThread - sqlmesh.core.plan.evaluator - INFO - Evaluating plan stage EnvironmentRecordUpdateStage (evaluator.py:123)
2025-12-13 16:01:26,100 - MainThread - sqlmesh.core.state_sync.db.facade - INFO - Promoting environment 'prod' (facade.py:167)
2025-12-13 16:01:26,164 - MainThread - sqlmesh.core.plan.evaluator - INFO - Evaluating plan stage UnpauseStage (evaluator.py:123)
2025-12-13 16:01:26,180 - MainThread - sqlmesh.core.plan.evaluator - INFO - Evaluating plan stage VirtualLayerUpdateStage (evaluator.py:123)
2025-12-13 16:01:26,345 - MainThread - sqlmesh.core.snapshot.evaluator - INFO - Creating schema 'warehouse.datamarketingseeds' (evaluator.py:1449)
2025-12-13 16:01:26,346 - MainThread - sqlmesh.core.engine_adapter.base - INFO - Executing SQL: /* SQLMESH_PLAN: f5e60ca01a854440ae91b5d6a673ea51 */ CREATE SCHEMA IF NOT EXISTS "warehouse"."datamarketingseeds" (base.py:2619)
2025-12-13 16:01:26,350 - MainThread - sqlmesh.core.snapshot.evaluator - INFO - Listing data objects in schema warehouse.datamarketingseeds (evaluator.py:1616)
2025-12-13 16:01:26,351 - MainThread - sqlmesh.core.engine_adapter.base - INFO - Executing SQL: /* SQLMESH_PLAN: f5e60ca01a854440ae91b5d6a673ea51 */ SELECT CURRENT_CATALOG() (base.py:2619)
2025-12-13 16:01:26,352 - MainThread - sqlmesh.core.engine_adapter.base - INFO - Executing SQL: /* SQLMESH_PLAN: f5e60ca01a854440ae91b5d6a673ea51 */ SELECT CURRENT_CATALOG() (base.py:2619)
2025-12-13 16:01:26,357 - MainThread - sqlmesh.core.engine_adapter.base - INFO - Executing SQL: /* SQLMESH_PLAN: f5e60ca01a854440ae91b5d6a673ea51 */ SELECT table_name AS name, table_schema AS schema, CASE table_type WHEN 'BASE TABLE' THEN 'table' WHEN 'VIEW' THEN 'view' WHEN 'LOCAL TEMPORARY' THEN 'table' END AS type FROM system.information_schema.tables WHERE (table_catalog = 'warehouse' AND table_schema = 'datamarketingseeds') AND table_name IN ('campaigns', 'products') (base.py:2619)
2025-12-13 16:01:26,379 - MainThread - sqlmesh.core.snapshot.evaluator - INFO - Updating view 'warehouse.datamarketingseeds.campaigns' to point at table 'warehouse.sqlmesh__datamarketingseeds.datamarketingseeds__campaigns__3732285212' (evaluator.py:1988)
2025-12-13 16:01:26,381 - MainThread - sqlmesh.core.engine_adapter.base - INFO - Executing SQL: /* SQLMESH_PLAN: f5e60ca01a854440ae91b5d6a673ea51 */ CREATE OR REPLACE VIEW "warehouse"."datamarketingseeds"."campaigns" AS SELECT * FROM "warehouse"."sqlmesh__datamarketingseeds"."datamarketingseeds__campaigns__3732285212" (base.py:2619)
2025-12-13 16:01:26,396 - MainThread - sqlmesh.core.snapshot.evaluator - INFO - Updating view 'warehouse.datamarketingseeds.products' to point at table 'warehouse.sqlmesh__datamarketingseeds.datamarketingseeds__products__1022346861' (evaluator.py:1988)
2025-12-13 16:01:26,398 - MainThread - sqlmesh.core.engine_adapter.base - INFO - Executing SQL: /* SQLMESH_PLAN: f5e60ca01a854440ae91b5d6a673ea51 */ CREATE OR REPLACE VIEW "warehouse"."datamarketingseeds"."products" AS SELECT * FROM "warehouse"."sqlmesh__datamarketingseeds"."datamarketingseeds__products__1022346861" (base.py:2619)
2025-12-13 16:01:26,413 - MainThread - sqlmesh.core.plan.evaluator - INFO - Evaluating plan stage FinalizeEnvironmentStage (evaluator.py:123)
2025-12-13 16:01:26,414 - MainThread - sqlmesh.core.state_sync.db.environment - INFO - Finalizing environment 'prod' (environment.py:141)
2025-12-13 16:01:26,483 - MainThread - root - INFO - Shutting down the event dispatcher (dispatcher.py:159)
