2025-12-15 16:24:06,640 - MainThread - sqlmesh.core.config.connection - INFO - Creating new DuckDB adapter for data files: {'./datastore.duckdb'} (connection.py:492)
2025-12-15 16:24:08,401 - MainThread - sqlmesh.core.config.connection - INFO - Using existing DuckDB adapter due to overlapping data file: ./datastore.duckdb (connection.py:482)
2025-12-15 16:24:08,559 - MainThread - sqlmesh.core.state_sync.db.migrator - INFO - Applying migration <module 'sqlmesh.migrations.v0000_baseline' from 'B:\\GitHub Repository\\Marketing-And-Ecommerce-ELT\\.venv\\Lib\\site-packages\\sqlmesh\\migrations\\v0000_baseline.py'> (migrator.py:185)
2025-12-15 16:24:08,611 - MainThread - sqlmesh.core.state_sync.db.migrator - INFO - Applying migration <module 'sqlmesh.migrations.v0061_mysql_fix_blob_text_type' from 'B:\\GitHub Repository\\Marketing-And-Ecommerce-ELT\\.venv\\Lib\\site-packages\\sqlmesh\\migrations\\v0061_mysql_fix_blob_text_type.py'> (migrator.py:185)
2025-12-15 16:24:08,611 - MainThread - sqlmesh.core.state_sync.db.migrator - INFO - Applying migration <module 'sqlmesh.migrations.v0062_add_model_gateway' from 'B:\\GitHub Repository\\Marketing-And-Ecommerce-ELT\\.venv\\Lib\\site-packages\\sqlmesh\\migrations\\v0062_add_model_gateway.py'> (migrator.py:185)
2025-12-15 16:24:08,612 - MainThread - sqlmesh.core.state_sync.db.migrator - INFO - Applying migration <module 'sqlmesh.migrations.v0063_change_signals' from 'B:\\GitHub Repository\\Marketing-And-Ecommerce-ELT\\.venv\\Lib\\site-packages\\sqlmesh\\migrations\\v0063_change_signals.py'> (migrator.py:185)
2025-12-15 16:24:08,612 - MainThread - sqlmesh.core.state_sync.db.migrator - INFO - Applying migration <module 'sqlmesh.migrations.v0064_join_when_matched_strings' from 'B:\\GitHub Repository\\Marketing-And-Ecommerce-ELT\\.venv\\Lib\\site-packages\\sqlmesh\\migrations\\v0064_join_when_matched_strings.py'> (migrator.py:185)
2025-12-15 16:24:08,612 - MainThread - sqlmesh.core.state_sync.db.migrator - INFO - Applying migration <module 'sqlmesh.migrations.v0065_add_model_optimize' from 'B:\\GitHub Repository\\Marketing-And-Ecommerce-ELT\\.venv\\Lib\\site-packages\\sqlmesh\\migrations\\v0065_add_model_optimize.py'> (migrator.py:185)
2025-12-15 16:24:08,612 - MainThread - sqlmesh.core.state_sync.db.migrator - INFO - Applying migration <module 'sqlmesh.migrations.v0066_add_auto_restatements' from 'B:\\GitHub Repository\\Marketing-And-Ecommerce-ELT\\.venv\\Lib\\site-packages\\sqlmesh\\migrations\\v0066_add_auto_restatements.py'> (migrator.py:185)
2025-12-15 16:24:08,623 - MainThread - sqlmesh.core.state_sync.db.migrator - INFO - Applying migration <module 'sqlmesh.migrations.v0067_add_tsql_date_full_precision' from 'B:\\GitHub Repository\\Marketing-And-Ecommerce-ELT\\.venv\\Lib\\site-packages\\sqlmesh\\migrations\\v0067_add_tsql_date_full_precision.py'> (migrator.py:185)
2025-12-15 16:24:08,623 - MainThread - sqlmesh.core.state_sync.db.migrator - INFO - Applying migration <module 'sqlmesh.migrations.v0068_include_unrendered_query_in_metadata_hash' from 'B:\\GitHub Repository\\Marketing-And-Ecommerce-ELT\\.venv\\Lib\\site-packages\\sqlmesh\\migrations\\v0068_include_unrendered_query_in_metadata_hash.py'> (migrator.py:185)
2025-12-15 16:24:08,623 - MainThread - sqlmesh.core.state_sync.db.migrator - INFO - Applying migration <module 'sqlmesh.migrations.v0069_update_dev_table_suffix' from 'B:\\GitHub Repository\\Marketing-And-Ecommerce-ELT\\.venv\\Lib\\site-packages\\sqlmesh\\migrations\\v0069_update_dev_table_suffix.py'> (migrator.py:185)
2025-12-15 16:24:08,623 - MainThread - sqlmesh.core.state_sync.db.migrator - INFO - Applying migration <module 'sqlmesh.migrations.v0070_include_grains_in_metadata_hash' from 'B:\\GitHub Repository\\Marketing-And-Ecommerce-ELT\\.venv\\Lib\\site-packages\\sqlmesh\\migrations\\v0070_include_grains_in_metadata_hash.py'> (migrator.py:185)
2025-12-15 16:24:08,623 - MainThread - sqlmesh.core.state_sync.db.migrator - INFO - Applying migration <module 'sqlmesh.migrations.v0071_add_dev_version_to_intervals' from 'B:\\GitHub Repository\\Marketing-And-Ecommerce-ELT\\.venv\\Lib\\site-packages\\sqlmesh\\migrations\\v0071_add_dev_version_to_intervals.py'> (migrator.py:185)
2025-12-15 16:24:08,626 - MainThread - sqlmesh.core.state_sync.db.migrator - INFO - Applying migration <module 'sqlmesh.migrations.v0072_add_environment_statements' from 'B:\\GitHub Repository\\Marketing-And-Ecommerce-ELT\\.venv\\Lib\\site-packages\\sqlmesh\\migrations\\v0072_add_environment_statements.py'> (migrator.py:185)
2025-12-15 16:24:08,636 - MainThread - sqlmesh.core.state_sync.db.migrator - INFO - Applying migration <module 'sqlmesh.migrations.v0073_remove_symbolic_disable_restatement' from 'B:\\GitHub Repository\\Marketing-And-Ecommerce-ELT\\.venv\\Lib\\site-packages\\sqlmesh\\migrations\\v0073_remove_symbolic_disable_restatement.py'> (migrator.py:185)
2025-12-15 16:24:08,636 - MainThread - sqlmesh.core.state_sync.db.migrator - INFO - Applying migration <module 'sqlmesh.migrations.v0074_add_partition_by_time_column_property' from 'B:\\GitHub Repository\\Marketing-And-Ecommerce-ELT\\.venv\\Lib\\site-packages\\sqlmesh\\migrations\\v0074_add_partition_by_time_column_property.py'> (migrator.py:185)
2025-12-15 16:24:08,636 - MainThread - sqlmesh.core.state_sync.db.migrator - INFO - Applying migration <module 'sqlmesh.migrations.v0075_remove_validate_query' from 'B:\\GitHub Repository\\Marketing-And-Ecommerce-ELT\\.venv\\Lib\\site-packages\\sqlmesh\\migrations\\v0075_remove_validate_query.py'> (migrator.py:185)
2025-12-15 16:24:08,636 - MainThread - sqlmesh.core.state_sync.db.migrator - INFO - Applying migration <module 'sqlmesh.migrations.v0076_add_cron_tz' from 'B:\\GitHub Repository\\Marketing-And-Ecommerce-ELT\\.venv\\Lib\\site-packages\\sqlmesh\\migrations\\v0076_add_cron_tz.py'> (migrator.py:185)
2025-12-15 16:24:08,636 - MainThread - sqlmesh.core.state_sync.db.migrator - INFO - Applying migration <module 'sqlmesh.migrations.v0077_fix_column_type_hash_calculation' from 'B:\\GitHub Repository\\Marketing-And-Ecommerce-ELT\\.venv\\Lib\\site-packages\\sqlmesh\\migrations\\v0077_fix_column_type_hash_calculation.py'> (migrator.py:185)
2025-12-15 16:24:08,636 - MainThread - sqlmesh.core.state_sync.db.migrator - INFO - Applying migration <module 'sqlmesh.migrations.v0078_warn_if_non_migratable_python_env' from 'B:\\GitHub Repository\\Marketing-And-Ecommerce-ELT\\.venv\\Lib\\site-packages\\sqlmesh\\migrations\\v0078_warn_if_non_migratable_python_env.py'> (migrator.py:185)
2025-12-15 16:24:08,636 - MainThread - sqlmesh.core.state_sync.db.migrator - INFO - Applying migration <module 'sqlmesh.migrations.v0079_add_gateway_managed_property' from 'B:\\GitHub Repository\\Marketing-And-Ecommerce-ELT\\.venv\\Lib\\site-packages\\sqlmesh\\migrations\\v0079_add_gateway_managed_property.py'> (migrator.py:185)
2025-12-15 16:24:08,641 - MainThread - sqlmesh.core.state_sync.db.migrator - INFO - Applying migration <module 'sqlmesh.migrations.v0080_add_batch_size_to_scd_type_2_models' from 'B:\\GitHub Repository\\Marketing-And-Ecommerce-ELT\\.venv\\Lib\\site-packages\\sqlmesh\\migrations\\v0080_add_batch_size_to_scd_type_2_models.py'> (migrator.py:185)
2025-12-15 16:24:08,641 - MainThread - sqlmesh.core.state_sync.db.migrator - INFO - Applying migration <module 'sqlmesh.migrations.v0081_update_partitioned_by' from 'B:\\GitHub Repository\\Marketing-And-Ecommerce-ELT\\.venv\\Lib\\site-packages\\sqlmesh\\migrations\\v0081_update_partitioned_by.py'> (migrator.py:185)
2025-12-15 16:24:08,641 - MainThread - sqlmesh.core.state_sync.db.migrator - INFO - Applying migration <module 'sqlmesh.migrations.v0082_warn_if_incorrectly_duplicated_statements' from 'B:\\GitHub Repository\\Marketing-And-Ecommerce-ELT\\.venv\\Lib\\site-packages\\sqlmesh\\migrations\\v0082_warn_if_incorrectly_duplicated_statements.py'> (migrator.py:185)
2025-12-15 16:24:08,641 - MainThread - sqlmesh.core.state_sync.db.migrator - INFO - Applying migration <module 'sqlmesh.migrations.v0083_use_sql_for_scd_time_data_type_data_hash' from 'B:\\GitHub Repository\\Marketing-And-Ecommerce-ELT\\.venv\\Lib\\site-packages\\sqlmesh\\migrations\\v0083_use_sql_for_scd_time_data_type_data_hash.py'> (migrator.py:185)
2025-12-15 16:24:08,642 - MainThread - sqlmesh.core.state_sync.db.migrator - INFO - Applying migration <module 'sqlmesh.migrations.v0084_normalize_quote_when_matched_and_merge_filter' from 'B:\\GitHub Repository\\Marketing-And-Ecommerce-ELT\\.venv\\Lib\\site-packages\\sqlmesh\\migrations\\v0084_normalize_quote_when_matched_and_merge_filter.py'> (migrator.py:185)
2025-12-15 16:24:08,642 - MainThread - sqlmesh.core.state_sync.db.migrator - INFO - Applying migration <module 'sqlmesh.migrations.v0085_deterministic_repr' from 'B:\\GitHub Repository\\Marketing-And-Ecommerce-ELT\\.venv\\Lib\\site-packages\\sqlmesh\\migrations\\v0085_deterministic_repr.py'> (migrator.py:185)
2025-12-15 16:24:08,642 - MainThread - sqlmesh.core.state_sync.db.migrator - INFO - Applying migration <module 'sqlmesh.migrations.v0086_check_deterministic_bug' from 'B:\\GitHub Repository\\Marketing-And-Ecommerce-ELT\\.venv\\Lib\\site-packages\\sqlmesh\\migrations\\v0086_check_deterministic_bug.py'> (migrator.py:185)
2025-12-15 16:24:08,642 - MainThread - sqlmesh.core.state_sync.db.migrator - INFO - Applying migration <module 'sqlmesh.migrations.v0087_normalize_blueprint_variables' from 'B:\\GitHub Repository\\Marketing-And-Ecommerce-ELT\\.venv\\Lib\\site-packages\\sqlmesh\\migrations\\v0087_normalize_blueprint_variables.py'> (migrator.py:185)
2025-12-15 16:24:08,642 - MainThread - sqlmesh.core.state_sync.db.migrator - INFO - Applying migration <module 'sqlmesh.migrations.v0088_warn_about_variable_python_env_diffs' from 'B:\\GitHub Repository\\Marketing-And-Ecommerce-ELT\\.venv\\Lib\\site-packages\\sqlmesh\\migrations\\v0088_warn_about_variable_python_env_diffs.py'> (migrator.py:185)
2025-12-15 16:24:08,642 - MainThread - sqlmesh.core.state_sync.db.migrator - INFO - Applying migration <module 'sqlmesh.migrations.v0089_add_virtual_environment_mode' from 'B:\\GitHub Repository\\Marketing-And-Ecommerce-ELT\\.venv\\Lib\\site-packages\\sqlmesh\\migrations\\v0089_add_virtual_environment_mode.py'> (migrator.py:185)
2025-12-15 16:24:08,642 - MainThread - sqlmesh.core.state_sync.db.migrator - INFO - Applying migration <module 'sqlmesh.migrations.v0090_add_forward_only_column' from 'B:\\GitHub Repository\\Marketing-And-Ecommerce-ELT\\.venv\\Lib\\site-packages\\sqlmesh\\migrations\\v0090_add_forward_only_column.py'> (migrator.py:185)
2025-12-15 16:24:08,648 - MainThread - sqlmesh.core.state_sync.db.migrator - INFO - Applying migration <module 'sqlmesh.migrations.v0091_on_additive_change' from 'B:\\GitHub Repository\\Marketing-And-Ecommerce-ELT\\.venv\\Lib\\site-packages\\sqlmesh\\migrations\\v0091_on_additive_change.py'> (migrator.py:185)
2025-12-15 16:24:08,648 - MainThread - sqlmesh.core.state_sync.db.migrator - INFO - Applying migration <module 'sqlmesh.migrations.v0092_warn_about_dbt_data_type_diff' from 'B:\\GitHub Repository\\Marketing-And-Ecommerce-ELT\\.venv\\Lib\\site-packages\\sqlmesh\\migrations\\v0092_warn_about_dbt_data_type_diff.py'> (migrator.py:185)
2025-12-15 16:24:08,648 - MainThread - sqlmesh.core.state_sync.db.migrator - INFO - Applying migration <module 'sqlmesh.migrations.v0093_use_raw_sql_in_fingerprint' from 'B:\\GitHub Repository\\Marketing-And-Ecommerce-ELT\\.venv\\Lib\\site-packages\\sqlmesh\\migrations\\v0093_use_raw_sql_in_fingerprint.py'> (migrator.py:185)
2025-12-15 16:24:08,648 - MainThread - sqlmesh.core.state_sync.db.migrator - INFO - Applying migration <module 'sqlmesh.migrations.v0094_add_dev_version_and_fingerprint_columns' from 'B:\\GitHub Repository\\Marketing-And-Ecommerce-ELT\\.venv\\Lib\\site-packages\\sqlmesh\\migrations\\v0094_add_dev_version_and_fingerprint_columns.py'> (migrator.py:185)
2025-12-15 16:24:08,656 - MainThread - sqlmesh.core.state_sync.db.migrator - INFO - Applying migration <module 'sqlmesh.migrations.v0095_warn_about_dbt_raw_sql_diff' from 'B:\\GitHub Repository\\Marketing-And-Ecommerce-ELT\\.venv\\Lib\\site-packages\\sqlmesh\\migrations\\v0095_warn_about_dbt_raw_sql_diff.py'> (migrator.py:185)
2025-12-15 16:24:08,656 - MainThread - sqlmesh.core.state_sync.db.migrator - INFO - Applying migration <module 'sqlmesh.migrations.v0096_remove_plan_dags_table' from 'B:\\GitHub Repository\\Marketing-And-Ecommerce-ELT\\.venv\\Lib\\site-packages\\sqlmesh\\migrations\\v0096_remove_plan_dags_table.py'> (migrator.py:185)
2025-12-15 16:24:08,658 - MainThread - sqlmesh.core.state_sync.db.migrator - INFO - Applying migration <module 'sqlmesh.migrations.v0097_add_dbt_name_in_node' from 'B:\\GitHub Repository\\Marketing-And-Ecommerce-ELT\\.venv\\Lib\\site-packages\\sqlmesh\\migrations\\v0097_add_dbt_name_in_node.py'> (migrator.py:185)
2025-12-15 16:24:08,658 - MainThread - sqlmesh.core.state_sync.db.migrator - INFO - Applying migration <module 'sqlmesh.migrations.v0098_add_dbt_node_info_in_node' from 'B:\\GitHub Repository\\Marketing-And-Ecommerce-ELT\\.venv\\Lib\\site-packages\\sqlmesh\\migrations\\v0098_add_dbt_node_info_in_node.py'> (migrator.py:185)
2025-12-15 16:24:08,658 - MainThread - sqlmesh.core.state_sync.db.migrator - INFO - Applying migration <module 'sqlmesh.migrations.v0099_add_last_altered_to_intervals' from 'B:\\GitHub Repository\\Marketing-And-Ecommerce-ELT\\.venv\\Lib\\site-packages\\sqlmesh\\migrations\\v0099_add_last_altered_to_intervals.py'> (migrator.py:185)
2025-12-15 16:24:08,662 - MainThread - sqlmesh.core.state_sync.db.migrator - INFO - Applying migration <module 'sqlmesh.migrations.v0100_add_grants_and_grants_target_layer' from 'B:\\GitHub Repository\\Marketing-And-Ecommerce-ELT\\.venv\\Lib\\site-packages\\sqlmesh\\migrations\\v0100_add_grants_and_grants_target_layer.py'> (migrator.py:185)
2025-12-15 16:24:08,665 - MainThread - sqlmesh.core.state_sync.db.migrator - INFO - Fetching environments (migrator.py:207)
2025-12-15 16:24:08,669 - MainThread - sqlmesh.core.state_sync.db.migrator - INFO - Migrating snapshot rows... (migrator.py:224)
2025-12-15 16:24:08,674 - MainThread - sqlmesh.core.state_sync.db.migrator - INFO - No changes to snapshots detected (migrator.py:217)
2025-12-15 16:24:12,274 - MainThread - sqlmesh.core.plan.evaluator - INFO - Evaluating plan stage CreateSnapshotRecordsStage (evaluator.py:123)
2025-12-15 16:24:12,311 - MainThread - sqlmesh.core.plan.evaluator - INFO - Evaluating plan stage PhysicalLayerSchemaCreationStage (evaluator.py:123)
2025-12-15 16:24:12,315 - MainThread - sqlmesh.core.snapshot.evaluator - INFO - Creating schema 'datastore.sqlmesh__datamarketingclean' (evaluator.py:1449)
2025-12-15 16:24:12,316 - MainThread - sqlmesh.core.engine_adapter.base - INFO - Executing SQL: /* SQLMESH_PLAN: 383d770ba7bd4c56a44a889d04e6bc57 */ CREATE SCHEMA IF NOT EXISTS "datastore"."sqlmesh__datamarketingclean" (base.py:2619)
2025-12-15 16:24:12,318 - MainThread - sqlmesh.core.snapshot.evaluator - INFO - Creating schema 'datastore.sqlmesh__datamodelling' (evaluator.py:1449)
2025-12-15 16:24:12,319 - MainThread - sqlmesh.core.engine_adapter.base - INFO - Executing SQL: /* SQLMESH_PLAN: 383d770ba7bd4c56a44a889d04e6bc57 */ CREATE SCHEMA IF NOT EXISTS "datastore"."sqlmesh__datamodelling" (base.py:2619)
2025-12-15 16:24:12,321 - MainThread - sqlmesh.core.plan.evaluator - INFO - Evaluating plan stage BackfillStage (evaluator.py:123)
2025-12-15 16:24:12,328 - MainThread - sqlmesh.core.snapshot.evaluator - INFO - Listing data objects in schema datastore.sqlmesh__datamarketingclean (evaluator.py:1616)
2025-12-15 16:24:12,328 - MainThread - sqlmesh.core.engine_adapter.base - INFO - Executing SQL: /* SQLMESH_PLAN: 383d770ba7bd4c56a44a889d04e6bc57 */ SELECT CURRENT_CATALOG() (base.py:2619)
2025-12-15 16:24:12,329 - MainThread - sqlmesh.core.engine_adapter.base - INFO - Executing SQL: /* SQLMESH_PLAN: 383d770ba7bd4c56a44a889d04e6bc57 */ SELECT CURRENT_CATALOG() (base.py:2619)
2025-12-15 16:24:12,332 - MainThread - sqlmesh.core.engine_adapter.base - INFO - Executing SQL: /* SQLMESH_PLAN: 383d770ba7bd4c56a44a889d04e6bc57 */ SELECT table_name AS name, table_schema AS schema, CASE table_type WHEN 'BASE TABLE' THEN 'table' WHEN 'VIEW' THEN 'view' WHEN 'LOCAL TEMPORARY' THEN 'table' END AS type FROM system.information_schema.tables WHERE (table_catalog = 'datastore' AND table_schema = 'sqlmesh__datamarketingclean') AND table_name IN ('datamarketingclean__products__4106562550', 'datamarketingclean__campaigns__1630975039', 'datamarketingclean__events__77924244', 'datamarketingclean__customers__3099102196', 'datamarketingclean__transactions__170688214') (base.py:2619)
2025-12-15 16:24:12,347 - MainThread - sqlmesh.core.snapshot.evaluator - INFO - Listing data objects in schema datastore.sqlmesh__datamodelling (evaluator.py:1616)
2025-12-15 16:24:12,348 - MainThread - sqlmesh.core.engine_adapter.base - INFO - Executing SQL: /* SQLMESH_PLAN: 383d770ba7bd4c56a44a889d04e6bc57 */ SELECT CURRENT_CATALOG() (base.py:2619)
2025-12-15 16:24:12,349 - MainThread - sqlmesh.core.engine_adapter.base - INFO - Executing SQL: /* SQLMESH_PLAN: 383d770ba7bd4c56a44a889d04e6bc57 */ SELECT CURRENT_CATALOG() (base.py:2619)
2025-12-15 16:24:12,352 - MainThread - sqlmesh.core.engine_adapter.base - INFO - Executing SQL: /* SQLMESH_PLAN: 383d770ba7bd4c56a44a889d04e6bc57 */ SELECT table_name AS name, table_schema AS schema, CASE table_type WHEN 'BASE TABLE' THEN 'table' WHEN 'VIEW' THEN 'view' WHEN 'LOCAL TEMPORARY' THEN 'table' END AS type FROM system.information_schema.tables WHERE (table_catalog = 'datastore' AND table_schema = 'sqlmesh__datamodelling') AND table_name IN ('datamodelling__campaign_performance__1321792064') (base.py:2619)
2025-12-15 16:24:12,362 - MainThread - sqlmesh.core.snapshot.evaluator - INFO - Evaluating snapshot SnapshotId<"datastore"."datamarketingclean"."campaigns": 2874723433> (evaluator.py:711)
2025-12-15 16:24:12,363 - MainThread - sqlmesh.core.snapshot.evaluator - INFO - Inserting data for snapshot SnapshotId<"datastore"."datamarketingclean"."campaigns": 2874723433> (evaluator.py:952)
2025-12-15 16:24:12,370 - MainThread - sqlmesh.core.snapshot.evaluator - INFO - Inserting batch (2025-12-12 00:00:00, 2025-12-15 00:00:00) into datastore.sqlmesh__datamarketingclean.datamarketingclean__campaigns__1630975039' (evaluator.py:984)
2025-12-15 16:24:12,370 - MainThread - sqlmesh.core.engine_adapter.base - INFO - Executing SQL: /* SQLMESH_PLAN: 383d770ba7bd4c56a44a889d04e6bc57 */ DESCRIBE "datastore"."sqlmesh__datamarketingclean"."datamarketingclean__campaigns__1630975039" (base.py:2619)
2025-12-15 16:24:12,372 - MainThread - sqlmesh.core.engine_adapter.base - INFO - Executing SQL: /* SQLMESH_PLAN: 383d770ba7bd4c56a44a889d04e6bc57 */ SELECT CURRENT_CATALOG() (base.py:2619)
2025-12-15 16:24:12,374 - MainThread - sqlmesh.core.engine_adapter.base - INFO - Executing SQL: /* SQLMESH_PLAN: 383d770ba7bd4c56a44a889d04e6bc57 */ SELECT type FROM DUCKDB_DATABASES() WHERE database_name = 'datastore' (base.py:2619)
2025-12-15 16:24:12,377 - MainThread - sqlmesh.core.engine_adapter.base - INFO - Executing SQL: /* SQLMESH_PLAN: 383d770ba7bd4c56a44a889d04e6bc57 */ CREATE OR REPLACE TABLE "datastore"."sqlmesh__datamarketingclean"."datamarketingclean__campaigns__1630975039" AS SELECT "campaign_id" AS "campaign_id", "channel" AS "channel", "objective" AS "objective", "start_date" AS "start_date", "end_date" AS "end_date", "target_segment" AS "target_segment", "expected_uplift" AS "expected_uplift" FROM "datastore"."raw"."campaigns" AS "campaigns" WHERE NOT "campaign_id" IS NULL AND NOT "start_date" IS NULL (base.py:2619)
2025-12-15 16:24:12,382 - MainThread - sqlmesh.core.state_sync.db.facade - INFO - Adding interval (2025-12-12 00:00:00, 2025-12-15 00:00:00) for snapshot SnapshotId<"datastore"."datamarketingclean"."campaigns": 2874723433> (facade.py:637)
2025-12-15 16:24:12,383 - MainThread - sqlmesh.core.state_sync.db.interval - INFO - Pushing intervals for snapshot SnapshotId<"datastore"."datamarketingclean"."campaigns": 2874723433> (interval.py:215)
2025-12-15 16:24:12,405 - MainThread - sqlmesh.core.snapshot.evaluator - INFO - Evaluating snapshot SnapshotId<"datastore"."datamarketingclean"."customers": 2723737168> (evaluator.py:711)
2025-12-15 16:24:12,406 - MainThread - sqlmesh.core.snapshot.evaluator - INFO - Inserting data for snapshot SnapshotId<"datastore"."datamarketingclean"."customers": 2723737168> (evaluator.py:952)
2025-12-15 16:24:12,412 - MainThread - sqlmesh.core.snapshot.evaluator - INFO - Inserting batch (2025-12-12 00:00:00, 2025-12-15 00:00:00) into datastore.sqlmesh__datamarketingclean.datamarketingclean__customers__3099102196' (evaluator.py:984)
2025-12-15 16:24:12,413 - MainThread - sqlmesh.core.engine_adapter.base - INFO - Executing SQL: /* SQLMESH_PLAN: 383d770ba7bd4c56a44a889d04e6bc57 */ DESCRIBE "datastore"."sqlmesh__datamarketingclean"."datamarketingclean__customers__3099102196" (base.py:2619)
2025-12-15 16:24:12,416 - MainThread - sqlmesh.core.engine_adapter.base - INFO - Executing SQL: /* SQLMESH_PLAN: 383d770ba7bd4c56a44a889d04e6bc57 */ SELECT CURRENT_CATALOG() (base.py:2619)
2025-12-15 16:24:12,419 - MainThread - sqlmesh.core.engine_adapter.base - INFO - Executing SQL: /* SQLMESH_PLAN: 383d770ba7bd4c56a44a889d04e6bc57 */ SELECT type FROM DUCKDB_DATABASES() WHERE database_name = 'datastore' (base.py:2619)
2025-12-15 16:24:12,425 - MainThread - sqlmesh.core.engine_adapter.base - INFO - Executing SQL: /* SQLMESH_PLAN: 383d770ba7bd4c56a44a889d04e6bc57 */ CREATE OR REPLACE TABLE "datastore"."sqlmesh__datamarketingclean"."datamarketingclean__customers__3099102196" AS SELECT "customer_id" AS "customer_id", "signup_date" AS "signup_date", "country" AS "country", "age" AS "age", "gender" AS "gender", "loyalty_tier" AS "loyalty_tier", "acquisition_channel" AS "acquisition_channel" FROM "datastore"."raw"."customers" AS "customers" WHERE NOT "customer_id" IS NULL AND NOT "signup_date" IS NULL AND "country" <> '' (base.py:2619)
2025-12-15 16:24:12,560 - MainThread - sqlmesh.core.state_sync.db.facade - INFO - Adding interval (2025-12-12 00:00:00, 2025-12-15 00:00:00) for snapshot SnapshotId<"datastore"."datamarketingclean"."customers": 2723737168> (facade.py:637)
2025-12-15 16:24:12,560 - MainThread - sqlmesh.core.state_sync.db.interval - INFO - Pushing intervals for snapshot SnapshotId<"datastore"."datamarketingclean"."customers": 2723737168> (interval.py:215)
2025-12-15 16:24:12,587 - MainThread - sqlmesh.core.snapshot.evaluator - INFO - Evaluating snapshot SnapshotId<"datastore"."datamarketingclean"."events": 1516395393> (evaluator.py:711)
2025-12-15 16:24:12,588 - MainThread - sqlmesh.core.snapshot.evaluator - INFO - Inserting data for snapshot SnapshotId<"datastore"."datamarketingclean"."events": 1516395393> (evaluator.py:952)
2025-12-15 16:24:12,597 - MainThread - sqlmesh.core.snapshot.evaluator - INFO - Inserting batch (2025-12-12 00:00:00, 2025-12-15 00:00:00) into datastore.sqlmesh__datamarketingclean.datamarketingclean__events__77924244' (evaluator.py:984)
2025-12-15 16:24:12,597 - MainThread - sqlmesh.core.engine_adapter.base - INFO - Executing SQL: /* SQLMESH_PLAN: 383d770ba7bd4c56a44a889d04e6bc57 */ DESCRIBE "datastore"."sqlmesh__datamarketingclean"."datamarketingclean__events__77924244" (base.py:2619)
2025-12-15 16:24:12,600 - MainThread - sqlmesh.core.engine_adapter.base - INFO - Executing SQL: /* SQLMESH_PLAN: 383d770ba7bd4c56a44a889d04e6bc57 */ SELECT CURRENT_CATALOG() (base.py:2619)
2025-12-15 16:24:12,602 - MainThread - sqlmesh.core.engine_adapter.base - INFO - Executing SQL: /* SQLMESH_PLAN: 383d770ba7bd4c56a44a889d04e6bc57 */ SELECT type FROM DUCKDB_DATABASES() WHERE database_name = 'datastore' (base.py:2619)
2025-12-15 16:24:12,606 - MainThread - sqlmesh.core.engine_adapter.base - INFO - Executing SQL: /* SQLMESH_PLAN: 383d770ba7bd4c56a44a889d04e6bc57 */ CREATE OR REPLACE TABLE "datastore"."sqlmesh__datamarketingclean"."datamarketingclean__events__77924244" AS SELECT "event_id" AS "event_id", "timestamp" AS "timestamp", "customer_id" AS "customer_id", "session_id" AS "session_id", "event_type" AS "event_type", "product_id" AS "product_id", "device_type" AS "device_type", "traffic_source" AS "traffic_source", "campaign_id" AS "campaign_id", "page_category" AS "page_category", "session_duration_sec" AS "session_duration_sec", "experiment_group" AS "experiment_group" FROM "datastore"."raw"."events" AS "events" WHERE NOT "event_id" IS NULL AND NOT "timestamp" IS NULL AND NOT "customer_id" IS NULL AND NOT "event_type" IS NULL AND "event_type" <> '' (base.py:2619)
2025-12-15 16:24:15,329 - MainThread - sqlmesh.core.state_sync.db.facade - INFO - Adding interval (2025-12-12 00:00:00, 2025-12-15 00:00:00) for snapshot SnapshotId<"datastore"."datamarketingclean"."events": 1516395393> (facade.py:637)
2025-12-15 16:24:15,330 - MainThread - sqlmesh.core.state_sync.db.interval - INFO - Pushing intervals for snapshot SnapshotId<"datastore"."datamarketingclean"."events": 1516395393> (interval.py:215)
2025-12-15 16:24:15,357 - MainThread - sqlmesh.core.snapshot.evaluator - INFO - Evaluating snapshot SnapshotId<"datastore"."datamarketingclean"."products": 1878791345> (evaluator.py:711)
2025-12-15 16:24:15,358 - MainThread - sqlmesh.core.snapshot.evaluator - INFO - Inserting data for snapshot SnapshotId<"datastore"."datamarketingclean"."products": 1878791345> (evaluator.py:952)
2025-12-15 16:24:15,370 - MainThread - sqlmesh.core.snapshot.evaluator - INFO - Inserting batch (2025-12-12 00:00:00, 2025-12-15 00:00:00) into datastore.sqlmesh__datamarketingclean.datamarketingclean__products__4106562550' (evaluator.py:984)
2025-12-15 16:24:15,371 - MainThread - sqlmesh.core.engine_adapter.base - INFO - Executing SQL: /* SQLMESH_PLAN: 383d770ba7bd4c56a44a889d04e6bc57 */ DESCRIBE "datastore"."sqlmesh__datamarketingclean"."datamarketingclean__products__4106562550" (base.py:2619)
2025-12-15 16:24:15,373 - MainThread - sqlmesh.core.engine_adapter.base - INFO - Executing SQL: /* SQLMESH_PLAN: 383d770ba7bd4c56a44a889d04e6bc57 */ SELECT CURRENT_CATALOG() (base.py:2619)
2025-12-15 16:24:15,376 - MainThread - sqlmesh.core.engine_adapter.base - INFO - Executing SQL: /* SQLMESH_PLAN: 383d770ba7bd4c56a44a889d04e6bc57 */ SELECT type FROM DUCKDB_DATABASES() WHERE database_name = 'datastore' (base.py:2619)
2025-12-15 16:24:15,380 - MainThread - sqlmesh.core.engine_adapter.base - INFO - Executing SQL: /* SQLMESH_PLAN: 383d770ba7bd4c56a44a889d04e6bc57 */ CREATE OR REPLACE TABLE "datastore"."sqlmesh__datamarketingclean"."datamarketingclean__products__4106562550" AS SELECT "product_id" AS "product_id", "category" AS "category", "brand" AS "brand", "base_price" AS "base_price", "launch_date" AS "launch_date", "is_premium" AS "is_premium" FROM "datastore"."raw"."products" AS "products" WHERE NOT "product_id" IS NULL AND NOT "category" IS NULL AND "category" <> '' AND NOT "brand" IS NULL AND "brand" <> '' (base.py:2619)
2025-12-15 16:24:15,386 - MainThread - sqlmesh.core.state_sync.db.facade - INFO - Adding interval (2025-12-12 00:00:00, 2025-12-15 00:00:00) for snapshot SnapshotId<"datastore"."datamarketingclean"."products": 1878791345> (facade.py:637)
2025-12-15 16:24:15,386 - MainThread - sqlmesh.core.state_sync.db.interval - INFO - Pushing intervals for snapshot SnapshotId<"datastore"."datamarketingclean"."products": 1878791345> (interval.py:215)
2025-12-15 16:24:15,418 - MainThread - sqlmesh.core.snapshot.evaluator - INFO - Evaluating snapshot SnapshotId<"datastore"."datamarketingclean"."transactions": 4274817729> (evaluator.py:711)
2025-12-15 16:24:15,418 - MainThread - sqlmesh.core.snapshot.evaluator - INFO - Inserting data for snapshot SnapshotId<"datastore"."datamarketingclean"."transactions": 4274817729> (evaluator.py:952)
2025-12-15 16:24:15,427 - MainThread - sqlmesh.core.snapshot.evaluator - INFO - Inserting batch (2025-12-12 00:00:00, 2025-12-15 00:00:00) into datastore.sqlmesh__datamarketingclean.datamarketingclean__transactions__170688214' (evaluator.py:984)
2025-12-15 16:24:15,428 - MainThread - sqlmesh.core.engine_adapter.base - INFO - Executing SQL: /* SQLMESH_PLAN: 383d770ba7bd4c56a44a889d04e6bc57 */ DESCRIBE "datastore"."sqlmesh__datamarketingclean"."datamarketingclean__transactions__170688214" (base.py:2619)
2025-12-15 16:24:15,430 - MainThread - sqlmesh.core.engine_adapter.base - INFO - Executing SQL: /* SQLMESH_PLAN: 383d770ba7bd4c56a44a889d04e6bc57 */ SELECT CURRENT_CATALOG() (base.py:2619)
2025-12-15 16:24:15,432 - MainThread - sqlmesh.core.engine_adapter.base - INFO - Executing SQL: /* SQLMESH_PLAN: 383d770ba7bd4c56a44a889d04e6bc57 */ SELECT type FROM DUCKDB_DATABASES() WHERE database_name = 'datastore' (base.py:2619)
2025-12-15 16:24:15,435 - MainThread - sqlmesh.core.engine_adapter.base - INFO - Executing SQL: /* SQLMESH_PLAN: 383d770ba7bd4c56a44a889d04e6bc57 */ CREATE OR REPLACE TABLE "datastore"."sqlmesh__datamarketingclean"."datamarketingclean__transactions__170688214" AS SELECT "transaction_id" AS "transaction_id", "timestamp" AS "timestamp", "customer_id" AS "customer_id", "product_id" AS "product_id", "quantity" AS "quantity", "discount_applied" AS "discount_applied", "gross_revenue" AS "gross_revenue", "campaign_id" AS "campaign_id", "refund_flag" AS "refund_flag" FROM "datastore"."raw"."transactions" AS "transactions" WHERE NOT "transaction_id" IS NULL AND NOT "customer_id" IS NULL AND NOT "product_id" IS NULL AND NOT "gross_revenue" IS NULL (base.py:2619)
2025-12-15 16:24:15,510 - MainThread - sqlmesh.core.state_sync.db.facade - INFO - Adding interval (2025-12-12 00:00:00, 2025-12-15 00:00:00) for snapshot SnapshotId<"datastore"."datamarketingclean"."transactions": 4274817729> (facade.py:637)
2025-12-15 16:24:15,510 - MainThread - sqlmesh.core.state_sync.db.interval - INFO - Pushing intervals for snapshot SnapshotId<"datastore"."datamarketingclean"."transactions": 4274817729> (interval.py:215)
2025-12-15 16:24:15,538 - MainThread - sqlmesh.core.snapshot.evaluator - INFO - Evaluating snapshot SnapshotId<"datastore"."datamodelling"."campaign_performance": 1096646735> (evaluator.py:711)
2025-12-15 16:24:15,539 - MainThread - sqlmesh.core.snapshot.evaluator - INFO - Inserting data for snapshot SnapshotId<"datastore"."datamodelling"."campaign_performance": 1096646735> (evaluator.py:952)
2025-12-15 16:24:15,567 - MainThread - sqlmesh.core.snapshot.evaluator - INFO - Inserting batch (2025-12-12 00:00:00, 2025-12-15 00:00:00) into datastore.sqlmesh__datamodelling.datamodelling__campaign_performance__1321792064' (evaluator.py:984)
2025-12-15 16:24:15,568 - MainThread - sqlmesh.core.engine_adapter.base - INFO - Executing SQL: /* SQLMESH_PLAN: 383d770ba7bd4c56a44a889d04e6bc57 */ DESCRIBE "datastore"."sqlmesh__datamodelling"."datamodelling__campaign_performance__1321792064" (base.py:2619)
2025-12-15 16:24:15,570 - MainThread - sqlmesh.core.engine_adapter.base - INFO - Executing SQL: /* SQLMESH_PLAN: 383d770ba7bd4c56a44a889d04e6bc57 */ SELECT CURRENT_CATALOG() (base.py:2619)
2025-12-15 16:24:15,572 - MainThread - sqlmesh.core.engine_adapter.base - INFO - Executing SQL: /* SQLMESH_PLAN: 383d770ba7bd4c56a44a889d04e6bc57 */ SELECT type FROM DUCKDB_DATABASES() WHERE database_name = 'datastore' (base.py:2619)
2025-12-15 16:24:15,578 - MainThread - sqlmesh.core.engine_adapter.base - INFO - Executing SQL: /* SQLMESH_PLAN: 383d770ba7bd4c56a44a889d04e6bc57 */ CREATE OR REPLACE TABLE "datastore"."sqlmesh__datamodelling"."datamodelling__campaign_performance__1321792064" AS SELECT "c"."objective" AS "objective", "c"."channel" AS "channel", SUM("t"."gross_revenue" * (1 - "t"."discount_applied")) AS "total_net_revenue", COUNT(DISTINCT "t"."transaction_id") AS "total_transactions", AVG("t"."discount_applied") * 100 AS "avg_discount_rate_pct", (SUM("t"."refund_flag") * 1.0) / COUNT("t"."transaction_id") AS "refund_rate" FROM "datastore"."sqlmesh__datamarketingclean"."datamarketingclean__campaigns__1630975039" AS "c" JOIN "datastore"."sqlmesh__datamarketingclean"."datamarketingclean__transactions__170688214" AS "t" ON "c"."campaign_id" = "t"."campaign_id" GROUP BY "c"."objective", "c"."channel" ORDER BY "total_net_revenue" DESC (base.py:2619)
2025-12-15 16:24:15,626 - MainThread - sqlmesh.core.engine_adapter.base - INFO - Executing SQL: /* SQLMESH_PLAN: 383d770ba7bd4c56a44a889d04e6bc57 */ COMMENT ON COLUMN "datastore"."sqlmesh__datamodelling"."datamodelling__campaign_performance__1321792064"."objective" IS '1. Dimensi Utama' (base.py:2619)
2025-12-15 16:24:15,629 - MainThread - sqlmesh.core.engine_adapter.base - INFO - Executing SQL: /* SQLMESH_PLAN: 383d770ba7bd4c56a44a889d04e6bc57 */ COMMENT ON COLUMN "datastore"."sqlmesh__datamodelling"."datamodelling__campaign_performance__1321792064"."total_net_revenue" IS 'Formula: Gross Revenue * (1 - Discount Applied)' (base.py:2619)
2025-12-15 16:24:15,632 - MainThread - sqlmesh.core.engine_adapter.base - INFO - Executing SQL: /* SQLMESH_PLAN: 383d770ba7bd4c56a44a889d04e6bc57 */ COMMENT ON COLUMN "datastore"."sqlmesh__datamodelling"."datamodelling__campaign_performance__1321792064"."total_transactions" IS 'METRIK 2: Total Transactions (Sales Count)' (base.py:2619)
2025-12-15 16:24:15,634 - MainThread - sqlmesh.core.state_sync.db.facade - INFO - Adding interval (2025-12-12 00:00:00, 2025-12-15 00:00:00) for snapshot SnapshotId<"datastore"."datamodelling"."campaign_performance": 1096646735> (facade.py:637)
2025-12-15 16:24:15,634 - MainThread - sqlmesh.core.state_sync.db.interval - INFO - Pushing intervals for snapshot SnapshotId<"datastore"."datamodelling"."campaign_performance": 1096646735> (interval.py:215)
2025-12-15 16:24:15,667 - MainThread - sqlmesh.core.plan.evaluator - INFO - Evaluating plan stage EnvironmentRecordUpdateStage (evaluator.py:123)
2025-12-15 16:24:15,667 - MainThread - sqlmesh.core.state_sync.db.facade - INFO - Promoting environment 'prod' (facade.py:167)
2025-12-15 16:24:15,705 - MainThread - sqlmesh.core.plan.evaluator - INFO - Evaluating plan stage UnpauseStage (evaluator.py:123)
2025-12-15 16:24:15,730 - MainThread - sqlmesh.core.plan.evaluator - INFO - Evaluating plan stage VirtualLayerUpdateStage (evaluator.py:123)
2025-12-15 16:24:15,737 - MainThread - sqlmesh.core.snapshot.evaluator - INFO - Creating schema 'datastore.datamodelling' (evaluator.py:1449)
2025-12-15 16:24:15,738 - MainThread - sqlmesh.core.engine_adapter.base - INFO - Executing SQL: /* SQLMESH_PLAN: 383d770ba7bd4c56a44a889d04e6bc57 */ CREATE SCHEMA IF NOT EXISTS "datastore"."datamodelling" (base.py:2619)
2025-12-15 16:24:15,739 - MainThread - sqlmesh.core.snapshot.evaluator - INFO - Creating schema 'datastore.datamarketingclean' (evaluator.py:1449)
2025-12-15 16:24:15,740 - MainThread - sqlmesh.core.engine_adapter.base - INFO - Executing SQL: /* SQLMESH_PLAN: 383d770ba7bd4c56a44a889d04e6bc57 */ CREATE SCHEMA IF NOT EXISTS "datastore"."datamarketingclean" (base.py:2619)
2025-12-15 16:24:15,746 - MainThread - sqlmesh.core.snapshot.evaluator - INFO - Listing data objects in schema datastore.datamarketingclean (evaluator.py:1616)
2025-12-15 16:24:15,747 - MainThread - sqlmesh.core.engine_adapter.base - INFO - Executing SQL: /* SQLMESH_PLAN: 383d770ba7bd4c56a44a889d04e6bc57 */ SELECT CURRENT_CATALOG() (base.py:2619)
2025-12-15 16:24:15,749 - MainThread - sqlmesh.core.engine_adapter.base - INFO - Executing SQL: /* SQLMESH_PLAN: 383d770ba7bd4c56a44a889d04e6bc57 */ SELECT CURRENT_CATALOG() (base.py:2619)
2025-12-15 16:24:15,754 - MainThread - sqlmesh.core.engine_adapter.base - INFO - Executing SQL: /* SQLMESH_PLAN: 383d770ba7bd4c56a44a889d04e6bc57 */ SELECT table_name AS name, table_schema AS schema, CASE table_type WHEN 'BASE TABLE' THEN 'table' WHEN 'VIEW' THEN 'view' WHEN 'LOCAL TEMPORARY' THEN 'table' END AS type FROM system.information_schema.tables WHERE (table_catalog = 'datastore' AND table_schema = 'datamarketingclean') AND table_name IN ('events', 'transactions', 'products', 'campaigns', 'customers') (base.py:2619)
2025-12-15 16:24:15,772 - MainThread - sqlmesh.core.snapshot.evaluator - INFO - Listing data objects in schema datastore.datamodelling (evaluator.py:1616)
2025-12-15 16:24:15,773 - MainThread - sqlmesh.core.engine_adapter.base - INFO - Executing SQL: /* SQLMESH_PLAN: 383d770ba7bd4c56a44a889d04e6bc57 */ SELECT CURRENT_CATALOG() (base.py:2619)
2025-12-15 16:24:15,774 - MainThread - sqlmesh.core.engine_adapter.base - INFO - Executing SQL: /* SQLMESH_PLAN: 383d770ba7bd4c56a44a889d04e6bc57 */ SELECT CURRENT_CATALOG() (base.py:2619)
2025-12-15 16:24:15,780 - MainThread - sqlmesh.core.engine_adapter.base - INFO - Executing SQL: /* SQLMESH_PLAN: 383d770ba7bd4c56a44a889d04e6bc57 */ SELECT table_name AS name, table_schema AS schema, CASE table_type WHEN 'BASE TABLE' THEN 'table' WHEN 'VIEW' THEN 'view' WHEN 'LOCAL TEMPORARY' THEN 'table' END AS type FROM system.information_schema.tables WHERE (table_catalog = 'datastore' AND table_schema = 'datamodelling') AND table_name IN ('campaign_performance') (base.py:2619)
2025-12-15 16:24:15,800 - MainThread - sqlmesh.core.snapshot.evaluator - INFO - Updating view 'datastore.datamarketingclean.campaigns' to point at table 'datastore.sqlmesh__datamarketingclean.datamarketingclean__campaigns__1630975039' (evaluator.py:1988)
2025-12-15 16:24:15,803 - MainThread - sqlmesh.core.engine_adapter.base - INFO - Executing SQL: /* SQLMESH_PLAN: 383d770ba7bd4c56a44a889d04e6bc57 */ CREATE OR REPLACE VIEW "datastore"."datamarketingclean"."campaigns" AS SELECT * FROM "datastore"."sqlmesh__datamarketingclean"."datamarketingclean__campaigns__1630975039" (base.py:2619)
2025-12-15 16:24:15,811 - MainThread - sqlmesh.core.snapshot.evaluator - INFO - Updating view 'datastore.datamarketingclean.customers' to point at table 'datastore.sqlmesh__datamarketingclean.datamarketingclean__customers__3099102196' (evaluator.py:1988)
2025-12-15 16:24:15,814 - MainThread - sqlmesh.core.engine_adapter.base - INFO - Executing SQL: /* SQLMESH_PLAN: 383d770ba7bd4c56a44a889d04e6bc57 */ CREATE OR REPLACE VIEW "datastore"."datamarketingclean"."customers" AS SELECT * FROM "datastore"."sqlmesh__datamarketingclean"."datamarketingclean__customers__3099102196" (base.py:2619)
2025-12-15 16:24:15,820 - MainThread - sqlmesh.core.snapshot.evaluator - INFO - Updating view 'datastore.datamarketingclean.events' to point at table 'datastore.sqlmesh__datamarketingclean.datamarketingclean__events__77924244' (evaluator.py:1988)
2025-12-15 16:24:15,822 - MainThread - sqlmesh.core.engine_adapter.base - INFO - Executing SQL: /* SQLMESH_PLAN: 383d770ba7bd4c56a44a889d04e6bc57 */ CREATE OR REPLACE VIEW "datastore"."datamarketingclean"."events" AS SELECT * FROM "datastore"."sqlmesh__datamarketingclean"."datamarketingclean__events__77924244" (base.py:2619)
2025-12-15 16:24:15,829 - MainThread - sqlmesh.core.snapshot.evaluator - INFO - Updating view 'datastore.datamarketingclean.products' to point at table 'datastore.sqlmesh__datamarketingclean.datamarketingclean__products__4106562550' (evaluator.py:1988)
2025-12-15 16:24:15,831 - MainThread - sqlmesh.core.engine_adapter.base - INFO - Executing SQL: /* SQLMESH_PLAN: 383d770ba7bd4c56a44a889d04e6bc57 */ CREATE OR REPLACE VIEW "datastore"."datamarketingclean"."products" AS SELECT * FROM "datastore"."sqlmesh__datamarketingclean"."datamarketingclean__products__4106562550" (base.py:2619)
2025-12-15 16:24:15,836 - MainThread - sqlmesh.core.snapshot.evaluator - INFO - Updating view 'datastore.datamarketingclean.transactions' to point at table 'datastore.sqlmesh__datamarketingclean.datamarketingclean__transactions__170688214' (evaluator.py:1988)
2025-12-15 16:24:15,838 - MainThread - sqlmesh.core.engine_adapter.base - INFO - Executing SQL: /* SQLMESH_PLAN: 383d770ba7bd4c56a44a889d04e6bc57 */ CREATE OR REPLACE VIEW "datastore"."datamarketingclean"."transactions" AS SELECT * FROM "datastore"."sqlmesh__datamarketingclean"."datamarketingclean__transactions__170688214" (base.py:2619)
2025-12-15 16:24:15,846 - MainThread - sqlmesh.core.snapshot.evaluator - INFO - Updating view 'datastore.datamodelling.campaign_performance' to point at table 'datastore.sqlmesh__datamodelling.datamodelling__campaign_performance__1321792064' (evaluator.py:1988)
2025-12-15 16:24:15,851 - MainThread - sqlmesh.core.engine_adapter.base - INFO - Executing SQL: /* SQLMESH_PLAN: 383d770ba7bd4c56a44a889d04e6bc57 */ CREATE OR REPLACE VIEW "datastore"."datamodelling"."campaign_performance" AS SELECT * FROM "datastore"."sqlmesh__datamodelling"."datamodelling__campaign_performance__1321792064" (base.py:2619)
2025-12-15 16:24:15,854 - MainThread - sqlmesh.core.engine_adapter.base - INFO - Executing SQL: /* SQLMESH_PLAN: 383d770ba7bd4c56a44a889d04e6bc57 */ COMMENT ON COLUMN "datastore"."datamodelling"."campaign_performance"."objective" IS '1. Dimensi Utama' (base.py:2619)
2025-12-15 16:24:15,856 - MainThread - sqlmesh.core.engine_adapter.base - INFO - Executing SQL: /* SQLMESH_PLAN: 383d770ba7bd4c56a44a889d04e6bc57 */ COMMENT ON COLUMN "datastore"."datamodelling"."campaign_performance"."total_net_revenue" IS 'Formula: Gross Revenue * (1 - Discount Applied)' (base.py:2619)
2025-12-15 16:24:15,859 - MainThread - sqlmesh.core.engine_adapter.base - INFO - Executing SQL: /* SQLMESH_PLAN: 383d770ba7bd4c56a44a889d04e6bc57 */ COMMENT ON COLUMN "datastore"."datamodelling"."campaign_performance"."total_transactions" IS 'METRIK 2: Total Transactions (Sales Count)' (base.py:2619)
2025-12-15 16:24:15,878 - MainThread - sqlmesh.core.plan.evaluator - INFO - Evaluating plan stage FinalizeEnvironmentStage (evaluator.py:123)
2025-12-15 16:24:15,878 - MainThread - sqlmesh.core.state_sync.db.environment - INFO - Finalizing environment 'prod' (environment.py:141)
2025-12-15 16:24:16,048 - MainThread - root - INFO - Shutting down the event dispatcher (dispatcher.py:159)
