2025-12-17 17:00:07,100 - MainThread - sqlmesh.core.config.connection - INFO - Creating new DuckDB adapter for data files: {'./datastore.duckdb'} (connection.py:492)
2025-12-17 17:00:15,029 - MainThread - sqlmesh.core.config.connection - INFO - Using existing DuckDB adapter due to overlapping data file: ./datastore.duckdb (connection.py:482)
2025-12-17 17:00:15,158 - MainThread - sqlmesh.core.state_sync.db.migrator - INFO - Applying migration <module 'sqlmesh.migrations.v0000_baseline' from 'B:\\GitHub Repository\\Marketing-And-Ecommerce-ELT\\.venv\\Lib\\site-packages\\sqlmesh\\migrations\\v0000_baseline.py'> (migrator.py:185)
2025-12-17 17:00:15,203 - MainThread - sqlmesh.core.state_sync.db.migrator - INFO - Applying migration <module 'sqlmesh.migrations.v0061_mysql_fix_blob_text_type' from 'B:\\GitHub Repository\\Marketing-And-Ecommerce-ELT\\.venv\\Lib\\site-packages\\sqlmesh\\migrations\\v0061_mysql_fix_blob_text_type.py'> (migrator.py:185)
2025-12-17 17:00:15,203 - MainThread - sqlmesh.core.state_sync.db.migrator - INFO - Applying migration <module 'sqlmesh.migrations.v0062_add_model_gateway' from 'B:\\GitHub Repository\\Marketing-And-Ecommerce-ELT\\.venv\\Lib\\site-packages\\sqlmesh\\migrations\\v0062_add_model_gateway.py'> (migrator.py:185)
2025-12-17 17:00:15,204 - MainThread - sqlmesh.core.state_sync.db.migrator - INFO - Applying migration <module 'sqlmesh.migrations.v0063_change_signals' from 'B:\\GitHub Repository\\Marketing-And-Ecommerce-ELT\\.venv\\Lib\\site-packages\\sqlmesh\\migrations\\v0063_change_signals.py'> (migrator.py:185)
2025-12-17 17:00:15,204 - MainThread - sqlmesh.core.state_sync.db.migrator - INFO - Applying migration <module 'sqlmesh.migrations.v0064_join_when_matched_strings' from 'B:\\GitHub Repository\\Marketing-And-Ecommerce-ELT\\.venv\\Lib\\site-packages\\sqlmesh\\migrations\\v0064_join_when_matched_strings.py'> (migrator.py:185)
2025-12-17 17:00:15,204 - MainThread - sqlmesh.core.state_sync.db.migrator - INFO - Applying migration <module 'sqlmesh.migrations.v0065_add_model_optimize' from 'B:\\GitHub Repository\\Marketing-And-Ecommerce-ELT\\.venv\\Lib\\site-packages\\sqlmesh\\migrations\\v0065_add_model_optimize.py'> (migrator.py:185)
2025-12-17 17:00:15,204 - MainThread - sqlmesh.core.state_sync.db.migrator - INFO - Applying migration <module 'sqlmesh.migrations.v0066_add_auto_restatements' from 'B:\\GitHub Repository\\Marketing-And-Ecommerce-ELT\\.venv\\Lib\\site-packages\\sqlmesh\\migrations\\v0066_add_auto_restatements.py'> (migrator.py:185)
2025-12-17 17:00:15,213 - MainThread - sqlmesh.core.state_sync.db.migrator - INFO - Applying migration <module 'sqlmesh.migrations.v0067_add_tsql_date_full_precision' from 'B:\\GitHub Repository\\Marketing-And-Ecommerce-ELT\\.venv\\Lib\\site-packages\\sqlmesh\\migrations\\v0067_add_tsql_date_full_precision.py'> (migrator.py:185)
2025-12-17 17:00:15,213 - MainThread - sqlmesh.core.state_sync.db.migrator - INFO - Applying migration <module 'sqlmesh.migrations.v0068_include_unrendered_query_in_metadata_hash' from 'B:\\GitHub Repository\\Marketing-And-Ecommerce-ELT\\.venv\\Lib\\site-packages\\sqlmesh\\migrations\\v0068_include_unrendered_query_in_metadata_hash.py'> (migrator.py:185)
2025-12-17 17:00:15,213 - MainThread - sqlmesh.core.state_sync.db.migrator - INFO - Applying migration <module 'sqlmesh.migrations.v0069_update_dev_table_suffix' from 'B:\\GitHub Repository\\Marketing-And-Ecommerce-ELT\\.venv\\Lib\\site-packages\\sqlmesh\\migrations\\v0069_update_dev_table_suffix.py'> (migrator.py:185)
2025-12-17 17:00:15,213 - MainThread - sqlmesh.core.state_sync.db.migrator - INFO - Applying migration <module 'sqlmesh.migrations.v0070_include_grains_in_metadata_hash' from 'B:\\GitHub Repository\\Marketing-And-Ecommerce-ELT\\.venv\\Lib\\site-packages\\sqlmesh\\migrations\\v0070_include_grains_in_metadata_hash.py'> (migrator.py:185)
2025-12-17 17:00:15,213 - MainThread - sqlmesh.core.state_sync.db.migrator - INFO - Applying migration <module 'sqlmesh.migrations.v0071_add_dev_version_to_intervals' from 'B:\\GitHub Repository\\Marketing-And-Ecommerce-ELT\\.venv\\Lib\\site-packages\\sqlmesh\\migrations\\v0071_add_dev_version_to_intervals.py'> (migrator.py:185)
2025-12-17 17:00:15,216 - MainThread - sqlmesh.core.state_sync.db.migrator - INFO - Applying migration <module 'sqlmesh.migrations.v0072_add_environment_statements' from 'B:\\GitHub Repository\\Marketing-And-Ecommerce-ELT\\.venv\\Lib\\site-packages\\sqlmesh\\migrations\\v0072_add_environment_statements.py'> (migrator.py:185)
2025-12-17 17:00:15,224 - MainThread - sqlmesh.core.state_sync.db.migrator - INFO - Applying migration <module 'sqlmesh.migrations.v0073_remove_symbolic_disable_restatement' from 'B:\\GitHub Repository\\Marketing-And-Ecommerce-ELT\\.venv\\Lib\\site-packages\\sqlmesh\\migrations\\v0073_remove_symbolic_disable_restatement.py'> (migrator.py:185)
2025-12-17 17:00:15,224 - MainThread - sqlmesh.core.state_sync.db.migrator - INFO - Applying migration <module 'sqlmesh.migrations.v0074_add_partition_by_time_column_property' from 'B:\\GitHub Repository\\Marketing-And-Ecommerce-ELT\\.venv\\Lib\\site-packages\\sqlmesh\\migrations\\v0074_add_partition_by_time_column_property.py'> (migrator.py:185)
2025-12-17 17:00:15,224 - MainThread - sqlmesh.core.state_sync.db.migrator - INFO - Applying migration <module 'sqlmesh.migrations.v0075_remove_validate_query' from 'B:\\GitHub Repository\\Marketing-And-Ecommerce-ELT\\.venv\\Lib\\site-packages\\sqlmesh\\migrations\\v0075_remove_validate_query.py'> (migrator.py:185)
2025-12-17 17:00:15,224 - MainThread - sqlmesh.core.state_sync.db.migrator - INFO - Applying migration <module 'sqlmesh.migrations.v0076_add_cron_tz' from 'B:\\GitHub Repository\\Marketing-And-Ecommerce-ELT\\.venv\\Lib\\site-packages\\sqlmesh\\migrations\\v0076_add_cron_tz.py'> (migrator.py:185)
2025-12-17 17:00:15,224 - MainThread - sqlmesh.core.state_sync.db.migrator - INFO - Applying migration <module 'sqlmesh.migrations.v0077_fix_column_type_hash_calculation' from 'B:\\GitHub Repository\\Marketing-And-Ecommerce-ELT\\.venv\\Lib\\site-packages\\sqlmesh\\migrations\\v0077_fix_column_type_hash_calculation.py'> (migrator.py:185)
2025-12-17 17:00:15,224 - MainThread - sqlmesh.core.state_sync.db.migrator - INFO - Applying migration <module 'sqlmesh.migrations.v0078_warn_if_non_migratable_python_env' from 'B:\\GitHub Repository\\Marketing-And-Ecommerce-ELT\\.venv\\Lib\\site-packages\\sqlmesh\\migrations\\v0078_warn_if_non_migratable_python_env.py'> (migrator.py:185)
2025-12-17 17:00:15,225 - MainThread - sqlmesh.core.state_sync.db.migrator - INFO - Applying migration <module 'sqlmesh.migrations.v0079_add_gateway_managed_property' from 'B:\\GitHub Repository\\Marketing-And-Ecommerce-ELT\\.venv\\Lib\\site-packages\\sqlmesh\\migrations\\v0079_add_gateway_managed_property.py'> (migrator.py:185)
2025-12-17 17:00:15,228 - MainThread - sqlmesh.core.state_sync.db.migrator - INFO - Applying migration <module 'sqlmesh.migrations.v0080_add_batch_size_to_scd_type_2_models' from 'B:\\GitHub Repository\\Marketing-And-Ecommerce-ELT\\.venv\\Lib\\site-packages\\sqlmesh\\migrations\\v0080_add_batch_size_to_scd_type_2_models.py'> (migrator.py:185)
2025-12-17 17:00:15,228 - MainThread - sqlmesh.core.state_sync.db.migrator - INFO - Applying migration <module 'sqlmesh.migrations.v0081_update_partitioned_by' from 'B:\\GitHub Repository\\Marketing-And-Ecommerce-ELT\\.venv\\Lib\\site-packages\\sqlmesh\\migrations\\v0081_update_partitioned_by.py'> (migrator.py:185)
2025-12-17 17:00:15,228 - MainThread - sqlmesh.core.state_sync.db.migrator - INFO - Applying migration <module 'sqlmesh.migrations.v0082_warn_if_incorrectly_duplicated_statements' from 'B:\\GitHub Repository\\Marketing-And-Ecommerce-ELT\\.venv\\Lib\\site-packages\\sqlmesh\\migrations\\v0082_warn_if_incorrectly_duplicated_statements.py'> (migrator.py:185)
2025-12-17 17:00:15,228 - MainThread - sqlmesh.core.state_sync.db.migrator - INFO - Applying migration <module 'sqlmesh.migrations.v0083_use_sql_for_scd_time_data_type_data_hash' from 'B:\\GitHub Repository\\Marketing-And-Ecommerce-ELT\\.venv\\Lib\\site-packages\\sqlmesh\\migrations\\v0083_use_sql_for_scd_time_data_type_data_hash.py'> (migrator.py:185)
2025-12-17 17:00:15,228 - MainThread - sqlmesh.core.state_sync.db.migrator - INFO - Applying migration <module 'sqlmesh.migrations.v0084_normalize_quote_when_matched_and_merge_filter' from 'B:\\GitHub Repository\\Marketing-And-Ecommerce-ELT\\.venv\\Lib\\site-packages\\sqlmesh\\migrations\\v0084_normalize_quote_when_matched_and_merge_filter.py'> (migrator.py:185)
2025-12-17 17:00:15,228 - MainThread - sqlmesh.core.state_sync.db.migrator - INFO - Applying migration <module 'sqlmesh.migrations.v0085_deterministic_repr' from 'B:\\GitHub Repository\\Marketing-And-Ecommerce-ELT\\.venv\\Lib\\site-packages\\sqlmesh\\migrations\\v0085_deterministic_repr.py'> (migrator.py:185)
2025-12-17 17:00:15,228 - MainThread - sqlmesh.core.state_sync.db.migrator - INFO - Applying migration <module 'sqlmesh.migrations.v0086_check_deterministic_bug' from 'B:\\GitHub Repository\\Marketing-And-Ecommerce-ELT\\.venv\\Lib\\site-packages\\sqlmesh\\migrations\\v0086_check_deterministic_bug.py'> (migrator.py:185)
2025-12-17 17:00:15,228 - MainThread - sqlmesh.core.state_sync.db.migrator - INFO - Applying migration <module 'sqlmesh.migrations.v0087_normalize_blueprint_variables' from 'B:\\GitHub Repository\\Marketing-And-Ecommerce-ELT\\.venv\\Lib\\site-packages\\sqlmesh\\migrations\\v0087_normalize_blueprint_variables.py'> (migrator.py:185)
2025-12-17 17:00:15,228 - MainThread - sqlmesh.core.state_sync.db.migrator - INFO - Applying migration <module 'sqlmesh.migrations.v0088_warn_about_variable_python_env_diffs' from 'B:\\GitHub Repository\\Marketing-And-Ecommerce-ELT\\.venv\\Lib\\site-packages\\sqlmesh\\migrations\\v0088_warn_about_variable_python_env_diffs.py'> (migrator.py:185)
2025-12-17 17:00:15,228 - MainThread - sqlmesh.core.state_sync.db.migrator - INFO - Applying migration <module 'sqlmesh.migrations.v0089_add_virtual_environment_mode' from 'B:\\GitHub Repository\\Marketing-And-Ecommerce-ELT\\.venv\\Lib\\site-packages\\sqlmesh\\migrations\\v0089_add_virtual_environment_mode.py'> (migrator.py:185)
2025-12-17 17:00:15,228 - MainThread - sqlmesh.core.state_sync.db.migrator - INFO - Applying migration <module 'sqlmesh.migrations.v0090_add_forward_only_column' from 'B:\\GitHub Repository\\Marketing-And-Ecommerce-ELT\\.venv\\Lib\\site-packages\\sqlmesh\\migrations\\v0090_add_forward_only_column.py'> (migrator.py:185)
2025-12-17 17:00:15,231 - MainThread - sqlmesh.core.state_sync.db.migrator - INFO - Applying migration <module 'sqlmesh.migrations.v0091_on_additive_change' from 'B:\\GitHub Repository\\Marketing-And-Ecommerce-ELT\\.venv\\Lib\\site-packages\\sqlmesh\\migrations\\v0091_on_additive_change.py'> (migrator.py:185)
2025-12-17 17:00:15,231 - MainThread - sqlmesh.core.state_sync.db.migrator - INFO - Applying migration <module 'sqlmesh.migrations.v0092_warn_about_dbt_data_type_diff' from 'B:\\GitHub Repository\\Marketing-And-Ecommerce-ELT\\.venv\\Lib\\site-packages\\sqlmesh\\migrations\\v0092_warn_about_dbt_data_type_diff.py'> (migrator.py:185)
2025-12-17 17:00:15,231 - MainThread - sqlmesh.core.state_sync.db.migrator - INFO - Applying migration <module 'sqlmesh.migrations.v0093_use_raw_sql_in_fingerprint' from 'B:\\GitHub Repository\\Marketing-And-Ecommerce-ELT\\.venv\\Lib\\site-packages\\sqlmesh\\migrations\\v0093_use_raw_sql_in_fingerprint.py'> (migrator.py:185)
2025-12-17 17:00:15,231 - MainThread - sqlmesh.core.state_sync.db.migrator - INFO - Applying migration <module 'sqlmesh.migrations.v0094_add_dev_version_and_fingerprint_columns' from 'B:\\GitHub Repository\\Marketing-And-Ecommerce-ELT\\.venv\\Lib\\site-packages\\sqlmesh\\migrations\\v0094_add_dev_version_and_fingerprint_columns.py'> (migrator.py:185)
2025-12-17 17:00:15,239 - MainThread - sqlmesh.core.state_sync.db.migrator - INFO - Applying migration <module 'sqlmesh.migrations.v0095_warn_about_dbt_raw_sql_diff' from 'B:\\GitHub Repository\\Marketing-And-Ecommerce-ELT\\.venv\\Lib\\site-packages\\sqlmesh\\migrations\\v0095_warn_about_dbt_raw_sql_diff.py'> (migrator.py:185)
2025-12-17 17:00:15,239 - MainThread - sqlmesh.core.state_sync.db.migrator - INFO - Applying migration <module 'sqlmesh.migrations.v0096_remove_plan_dags_table' from 'B:\\GitHub Repository\\Marketing-And-Ecommerce-ELT\\.venv\\Lib\\site-packages\\sqlmesh\\migrations\\v0096_remove_plan_dags_table.py'> (migrator.py:185)
2025-12-17 17:00:15,241 - MainThread - sqlmesh.core.state_sync.db.migrator - INFO - Applying migration <module 'sqlmesh.migrations.v0097_add_dbt_name_in_node' from 'B:\\GitHub Repository\\Marketing-And-Ecommerce-ELT\\.venv\\Lib\\site-packages\\sqlmesh\\migrations\\v0097_add_dbt_name_in_node.py'> (migrator.py:185)
2025-12-17 17:00:15,241 - MainThread - sqlmesh.core.state_sync.db.migrator - INFO - Applying migration <module 'sqlmesh.migrations.v0098_add_dbt_node_info_in_node' from 'B:\\GitHub Repository\\Marketing-And-Ecommerce-ELT\\.venv\\Lib\\site-packages\\sqlmesh\\migrations\\v0098_add_dbt_node_info_in_node.py'> (migrator.py:185)
2025-12-17 17:00:15,241 - MainThread - sqlmesh.core.state_sync.db.migrator - INFO - Applying migration <module 'sqlmesh.migrations.v0099_add_last_altered_to_intervals' from 'B:\\GitHub Repository\\Marketing-And-Ecommerce-ELT\\.venv\\Lib\\site-packages\\sqlmesh\\migrations\\v0099_add_last_altered_to_intervals.py'> (migrator.py:185)
2025-12-17 17:00:15,243 - MainThread - sqlmesh.core.state_sync.db.migrator - INFO - Applying migration <module 'sqlmesh.migrations.v0100_add_grants_and_grants_target_layer' from 'B:\\GitHub Repository\\Marketing-And-Ecommerce-ELT\\.venv\\Lib\\site-packages\\sqlmesh\\migrations\\v0100_add_grants_and_grants_target_layer.py'> (migrator.py:185)
2025-12-17 17:00:15,245 - MainThread - sqlmesh.core.state_sync.db.migrator - INFO - Fetching environments (migrator.py:207)
2025-12-17 17:00:15,247 - MainThread - sqlmesh.core.state_sync.db.migrator - INFO - Migrating snapshot rows... (migrator.py:224)
2025-12-17 17:00:15,250 - MainThread - sqlmesh.core.state_sync.db.migrator - INFO - No changes to snapshots detected (migrator.py:217)
2025-12-17 17:00:27,505 - MainThread - sqlmesh.core.plan.evaluator - INFO - Evaluating plan stage CreateSnapshotRecordsStage (evaluator.py:123)
2025-12-17 17:00:27,535 - MainThread - sqlmesh.core.plan.evaluator - INFO - Evaluating plan stage PhysicalLayerSchemaCreationStage (evaluator.py:123)
2025-12-17 17:00:27,538 - MainThread - sqlmesh.core.snapshot.evaluator - INFO - Creating schema 'datastore.sqlmesh__datamodelling' (evaluator.py:1449)
2025-12-17 17:00:27,538 - MainThread - sqlmesh.core.engine_adapter.base - INFO - Executing SQL: /* SQLMESH_PLAN: 2dd93466e6e34481b9d4a9e61ff24d5e */ CREATE SCHEMA IF NOT EXISTS "datastore"."sqlmesh__datamodelling" (base.py:2619)
2025-12-17 17:00:27,540 - MainThread - sqlmesh.core.snapshot.evaluator - INFO - Creating schema 'datastore.sqlmesh__datamarketingclean' (evaluator.py:1449)
2025-12-17 17:00:27,541 - MainThread - sqlmesh.core.engine_adapter.base - INFO - Executing SQL: /* SQLMESH_PLAN: 2dd93466e6e34481b9d4a9e61ff24d5e */ CREATE SCHEMA IF NOT EXISTS "datastore"."sqlmesh__datamarketingclean" (base.py:2619)
2025-12-17 17:00:27,542 - MainThread - sqlmesh.core.plan.evaluator - INFO - Evaluating plan stage BackfillStage (evaluator.py:123)
2025-12-17 17:00:27,549 - MainThread - sqlmesh.core.snapshot.evaluator - INFO - Listing data objects in schema datastore.sqlmesh__datamarketingclean (evaluator.py:1616)
2025-12-17 17:00:27,550 - MainThread - sqlmesh.core.engine_adapter.base - INFO - Executing SQL: /* SQLMESH_PLAN: 2dd93466e6e34481b9d4a9e61ff24d5e */ SELECT CURRENT_CATALOG() (base.py:2619)
2025-12-17 17:00:27,551 - MainThread - sqlmesh.core.engine_adapter.base - INFO - Executing SQL: /* SQLMESH_PLAN: 2dd93466e6e34481b9d4a9e61ff24d5e */ SELECT CURRENT_CATALOG() (base.py:2619)
2025-12-17 17:00:27,554 - MainThread - sqlmesh.core.engine_adapter.base - INFO - Executing SQL: /* SQLMESH_PLAN: 2dd93466e6e34481b9d4a9e61ff24d5e */ SELECT table_name AS name, table_schema AS schema, CASE table_type WHEN 'BASE TABLE' THEN 'table' WHEN 'VIEW' THEN 'view' WHEN 'LOCAL TEMPORARY' THEN 'table' END AS type FROM system.information_schema.tables WHERE (table_catalog = 'datastore' AND table_schema = 'sqlmesh__datamarketingclean') AND table_name IN ('datamarketingclean__transactions__170688214', 'datamarketingclean__campaigns__1630975039', 'datamarketingclean__customers__3099102196', 'datamarketingclean__products__4106562550', 'datamarketingclean__events__77924244') (base.py:2619)
2025-12-17 17:00:27,565 - MainThread - sqlmesh.core.snapshot.evaluator - INFO - Listing data objects in schema datastore.sqlmesh__datamodelling (evaluator.py:1616)
2025-12-17 17:00:27,566 - MainThread - sqlmesh.core.engine_adapter.base - INFO - Executing SQL: /* SQLMESH_PLAN: 2dd93466e6e34481b9d4a9e61ff24d5e */ SELECT CURRENT_CATALOG() (base.py:2619)
2025-12-17 17:00:27,568 - MainThread - sqlmesh.core.engine_adapter.base - INFO - Executing SQL: /* SQLMESH_PLAN: 2dd93466e6e34481b9d4a9e61ff24d5e */ SELECT CURRENT_CATALOG() (base.py:2619)
2025-12-17 17:00:27,570 - MainThread - sqlmesh.core.engine_adapter.base - INFO - Executing SQL: /* SQLMESH_PLAN: 2dd93466e6e34481b9d4a9e61ff24d5e */ SELECT table_name AS name, table_schema AS schema, CASE table_type WHEN 'BASE TABLE' THEN 'table' WHEN 'VIEW' THEN 'view' WHEN 'LOCAL TEMPORARY' THEN 'table' END AS type FROM system.information_schema.tables WHERE (table_catalog = 'datastore' AND table_schema = 'sqlmesh__datamodelling') AND table_name IN ('datamodelling__campaign_performance__1321792064') (base.py:2619)
2025-12-17 17:00:27,580 - MainThread - sqlmesh.core.snapshot.evaluator - INFO - Evaluating snapshot SnapshotId<"datastore"."datamarketingclean"."campaigns": 2874723433> (evaluator.py:711)
2025-12-17 17:00:27,581 - MainThread - sqlmesh.core.snapshot.evaluator - INFO - Inserting data for snapshot SnapshotId<"datastore"."datamarketingclean"."campaigns": 2874723433> (evaluator.py:952)
2025-12-17 17:00:27,587 - MainThread - sqlmesh.core.snapshot.evaluator - INFO - Inserting batch (2025-12-12 00:00:00, 2025-12-17 00:00:00) into datastore.sqlmesh__datamarketingclean.datamarketingclean__campaigns__1630975039' (evaluator.py:984)
2025-12-17 17:00:27,587 - MainThread - sqlmesh.core.engine_adapter.base - INFO - Executing SQL: /* SQLMESH_PLAN: 2dd93466e6e34481b9d4a9e61ff24d5e */ DESCRIBE "datastore"."sqlmesh__datamarketingclean"."datamarketingclean__campaigns__1630975039" (base.py:2619)
2025-12-17 17:00:27,590 - MainThread - sqlmesh.core.engine_adapter.base - INFO - Executing SQL: /* SQLMESH_PLAN: 2dd93466e6e34481b9d4a9e61ff24d5e */ SELECT CURRENT_CATALOG() (base.py:2619)
2025-12-17 17:00:27,592 - MainThread - sqlmesh.core.engine_adapter.base - INFO - Executing SQL: /* SQLMESH_PLAN: 2dd93466e6e34481b9d4a9e61ff24d5e */ SELECT type FROM DUCKDB_DATABASES() WHERE database_name = 'datastore' (base.py:2619)
2025-12-17 17:00:27,595 - MainThread - sqlmesh.core.engine_adapter.base - INFO - Executing SQL: /* SQLMESH_PLAN: 2dd93466e6e34481b9d4a9e61ff24d5e */ CREATE OR REPLACE TABLE "datastore"."sqlmesh__datamarketingclean"."datamarketingclean__campaigns__1630975039" AS SELECT "campaign_id" AS "campaign_id", "channel" AS "channel", "objective" AS "objective", "start_date" AS "start_date", "end_date" AS "end_date", "target_segment" AS "target_segment", "expected_uplift" AS "expected_uplift" FROM "datastore"."raw"."campaigns" AS "campaigns" WHERE NOT "campaign_id" IS NULL AND NOT "start_date" IS NULL (base.py:2619)
2025-12-17 17:00:27,601 - MainThread - sqlmesh.core.state_sync.db.facade - INFO - Adding interval (2025-12-12 00:00:00, 2025-12-17 00:00:00) for snapshot SnapshotId<"datastore"."datamarketingclean"."campaigns": 2874723433> (facade.py:637)
2025-12-17 17:00:27,601 - MainThread - sqlmesh.core.state_sync.db.interval - INFO - Pushing intervals for snapshot SnapshotId<"datastore"."datamarketingclean"."campaigns": 2874723433> (interval.py:215)
2025-12-17 17:00:27,623 - MainThread - sqlmesh.core.snapshot.evaluator - INFO - Evaluating snapshot SnapshotId<"datastore"."datamarketingclean"."customers": 2723737168> (evaluator.py:711)
2025-12-17 17:00:27,624 - MainThread - sqlmesh.core.snapshot.evaluator - INFO - Inserting data for snapshot SnapshotId<"datastore"."datamarketingclean"."customers": 2723737168> (evaluator.py:952)
2025-12-17 17:00:27,632 - MainThread - sqlmesh.core.snapshot.evaluator - INFO - Inserting batch (2025-12-12 00:00:00, 2025-12-17 00:00:00) into datastore.sqlmesh__datamarketingclean.datamarketingclean__customers__3099102196' (evaluator.py:984)
2025-12-17 17:00:27,634 - MainThread - sqlmesh.core.engine_adapter.base - INFO - Executing SQL: /* SQLMESH_PLAN: 2dd93466e6e34481b9d4a9e61ff24d5e */ DESCRIBE "datastore"."sqlmesh__datamarketingclean"."datamarketingclean__customers__3099102196" (base.py:2619)
2025-12-17 17:00:27,637 - MainThread - sqlmesh.core.engine_adapter.base - INFO - Executing SQL: /* SQLMESH_PLAN: 2dd93466e6e34481b9d4a9e61ff24d5e */ SELECT CURRENT_CATALOG() (base.py:2619)
2025-12-17 17:00:27,639 - MainThread - sqlmesh.core.engine_adapter.base - INFO - Executing SQL: /* SQLMESH_PLAN: 2dd93466e6e34481b9d4a9e61ff24d5e */ SELECT type FROM DUCKDB_DATABASES() WHERE database_name = 'datastore' (base.py:2619)
2025-12-17 17:00:27,644 - MainThread - sqlmesh.core.engine_adapter.base - INFO - Executing SQL: /* SQLMESH_PLAN: 2dd93466e6e34481b9d4a9e61ff24d5e */ CREATE OR REPLACE TABLE "datastore"."sqlmesh__datamarketingclean"."datamarketingclean__customers__3099102196" AS SELECT "customer_id" AS "customer_id", "signup_date" AS "signup_date", "country" AS "country", "age" AS "age", "gender" AS "gender", "loyalty_tier" AS "loyalty_tier", "acquisition_channel" AS "acquisition_channel" FROM "datastore"."raw"."customers" AS "customers" WHERE NOT "customer_id" IS NULL AND NOT "signup_date" IS NULL AND "country" <> '' (base.py:2619)
2025-12-17 17:00:27,816 - MainThread - sqlmesh.core.state_sync.db.facade - INFO - Adding interval (2025-12-12 00:00:00, 2025-12-17 00:00:00) for snapshot SnapshotId<"datastore"."datamarketingclean"."customers": 2723737168> (facade.py:637)
2025-12-17 17:00:27,816 - MainThread - sqlmesh.core.state_sync.db.interval - INFO - Pushing intervals for snapshot SnapshotId<"datastore"."datamarketingclean"."customers": 2723737168> (interval.py:215)
2025-12-17 17:00:27,848 - MainThread - sqlmesh.core.snapshot.evaluator - INFO - Evaluating snapshot SnapshotId<"datastore"."datamarketingclean"."events": 1516395393> (evaluator.py:711)
2025-12-17 17:00:27,850 - MainThread - sqlmesh.core.snapshot.evaluator - INFO - Inserting data for snapshot SnapshotId<"datastore"."datamarketingclean"."events": 1516395393> (evaluator.py:952)
2025-12-17 17:00:27,867 - MainThread - sqlmesh.core.snapshot.evaluator - INFO - Inserting batch (2025-12-12 00:00:00, 2025-12-17 00:00:00) into datastore.sqlmesh__datamarketingclean.datamarketingclean__events__77924244' (evaluator.py:984)
2025-12-17 17:00:27,868 - MainThread - sqlmesh.core.engine_adapter.base - INFO - Executing SQL: /* SQLMESH_PLAN: 2dd93466e6e34481b9d4a9e61ff24d5e */ DESCRIBE "datastore"."sqlmesh__datamarketingclean"."datamarketingclean__events__77924244" (base.py:2619)
2025-12-17 17:00:27,871 - MainThread - sqlmesh.core.engine_adapter.base - INFO - Executing SQL: /* SQLMESH_PLAN: 2dd93466e6e34481b9d4a9e61ff24d5e */ SELECT CURRENT_CATALOG() (base.py:2619)
2025-12-17 17:00:27,875 - MainThread - sqlmesh.core.engine_adapter.base - INFO - Executing SQL: /* SQLMESH_PLAN: 2dd93466e6e34481b9d4a9e61ff24d5e */ SELECT type FROM DUCKDB_DATABASES() WHERE database_name = 'datastore' (base.py:2619)
2025-12-17 17:00:27,881 - MainThread - sqlmesh.core.engine_adapter.base - INFO - Executing SQL: /* SQLMESH_PLAN: 2dd93466e6e34481b9d4a9e61ff24d5e */ CREATE OR REPLACE TABLE "datastore"."sqlmesh__datamarketingclean"."datamarketingclean__events__77924244" AS SELECT "event_id" AS "event_id", "timestamp" AS "timestamp", "customer_id" AS "customer_id", "session_id" AS "session_id", "event_type" AS "event_type", "product_id" AS "product_id", "device_type" AS "device_type", "traffic_source" AS "traffic_source", "campaign_id" AS "campaign_id", "page_category" AS "page_category", "session_duration_sec" AS "session_duration_sec", "experiment_group" AS "experiment_group" FROM "datastore"."raw"."events" AS "events" WHERE NOT "event_id" IS NULL AND NOT "timestamp" IS NULL AND NOT "customer_id" IS NULL AND NOT "event_type" IS NULL AND "event_type" <> '' (base.py:2619)
2025-12-17 17:00:30,263 - MainThread - sqlmesh.core.state_sync.db.facade - INFO - Adding interval (2025-12-12 00:00:00, 2025-12-17 00:00:00) for snapshot SnapshotId<"datastore"."datamarketingclean"."events": 1516395393> (facade.py:637)
2025-12-17 17:00:30,264 - MainThread - sqlmesh.core.state_sync.db.interval - INFO - Pushing intervals for snapshot SnapshotId<"datastore"."datamarketingclean"."events": 1516395393> (interval.py:215)
2025-12-17 17:00:30,293 - MainThread - sqlmesh.core.snapshot.evaluator - INFO - Evaluating snapshot SnapshotId<"datastore"."datamarketingclean"."products": 1878791345> (evaluator.py:711)
2025-12-17 17:00:30,294 - MainThread - sqlmesh.core.snapshot.evaluator - INFO - Inserting data for snapshot SnapshotId<"datastore"."datamarketingclean"."products": 1878791345> (evaluator.py:952)
2025-12-17 17:00:30,301 - MainThread - sqlmesh.core.snapshot.evaluator - INFO - Inserting batch (2025-12-12 00:00:00, 2025-12-17 00:00:00) into datastore.sqlmesh__datamarketingclean.datamarketingclean__products__4106562550' (evaluator.py:984)
2025-12-17 17:00:30,301 - MainThread - sqlmesh.core.engine_adapter.base - INFO - Executing SQL: /* SQLMESH_PLAN: 2dd93466e6e34481b9d4a9e61ff24d5e */ DESCRIBE "datastore"."sqlmesh__datamarketingclean"."datamarketingclean__products__4106562550" (base.py:2619)
2025-12-17 17:00:30,303 - MainThread - sqlmesh.core.engine_adapter.base - INFO - Executing SQL: /* SQLMESH_PLAN: 2dd93466e6e34481b9d4a9e61ff24d5e */ SELECT CURRENT_CATALOG() (base.py:2619)
2025-12-17 17:00:30,305 - MainThread - sqlmesh.core.engine_adapter.base - INFO - Executing SQL: /* SQLMESH_PLAN: 2dd93466e6e34481b9d4a9e61ff24d5e */ SELECT type FROM DUCKDB_DATABASES() WHERE database_name = 'datastore' (base.py:2619)
2025-12-17 17:00:30,307 - MainThread - sqlmesh.core.engine_adapter.base - INFO - Executing SQL: /* SQLMESH_PLAN: 2dd93466e6e34481b9d4a9e61ff24d5e */ CREATE OR REPLACE TABLE "datastore"."sqlmesh__datamarketingclean"."datamarketingclean__products__4106562550" AS SELECT "product_id" AS "product_id", "category" AS "category", "brand" AS "brand", "base_price" AS "base_price", "launch_date" AS "launch_date", "is_premium" AS "is_premium" FROM "datastore"."raw"."products" AS "products" WHERE NOT "product_id" IS NULL AND NOT "category" IS NULL AND "category" <> '' AND NOT "brand" IS NULL AND "brand" <> '' (base.py:2619)
2025-12-17 17:00:30,315 - MainThread - sqlmesh.core.state_sync.db.facade - INFO - Adding interval (2025-12-12 00:00:00, 2025-12-17 00:00:00) for snapshot SnapshotId<"datastore"."datamarketingclean"."products": 1878791345> (facade.py:637)
2025-12-17 17:00:30,315 - MainThread - sqlmesh.core.state_sync.db.interval - INFO - Pushing intervals for snapshot SnapshotId<"datastore"."datamarketingclean"."products": 1878791345> (interval.py:215)
2025-12-17 17:00:30,343 - MainThread - sqlmesh.core.snapshot.evaluator - INFO - Evaluating snapshot SnapshotId<"datastore"."datamarketingclean"."transactions": 4274817729> (evaluator.py:711)
2025-12-17 17:00:30,344 - MainThread - sqlmesh.core.snapshot.evaluator - INFO - Inserting data for snapshot SnapshotId<"datastore"."datamarketingclean"."transactions": 4274817729> (evaluator.py:952)
2025-12-17 17:00:30,353 - MainThread - sqlmesh.core.snapshot.evaluator - INFO - Inserting batch (2025-12-12 00:00:00, 2025-12-17 00:00:00) into datastore.sqlmesh__datamarketingclean.datamarketingclean__transactions__170688214' (evaluator.py:984)
2025-12-17 17:00:30,358 - MainThread - sqlmesh.core.engine_adapter.base - INFO - Executing SQL: /* SQLMESH_PLAN: 2dd93466e6e34481b9d4a9e61ff24d5e */ DESCRIBE "datastore"."sqlmesh__datamarketingclean"."datamarketingclean__transactions__170688214" (base.py:2619)
2025-12-17 17:00:30,361 - MainThread - sqlmesh.core.engine_adapter.base - INFO - Executing SQL: /* SQLMESH_PLAN: 2dd93466e6e34481b9d4a9e61ff24d5e */ SELECT CURRENT_CATALOG() (base.py:2619)
2025-12-17 17:00:30,363 - MainThread - sqlmesh.core.engine_adapter.base - INFO - Executing SQL: /* SQLMESH_PLAN: 2dd93466e6e34481b9d4a9e61ff24d5e */ SELECT type FROM DUCKDB_DATABASES() WHERE database_name = 'datastore' (base.py:2619)
2025-12-17 17:00:30,370 - MainThread - sqlmesh.core.engine_adapter.base - INFO - Executing SQL: /* SQLMESH_PLAN: 2dd93466e6e34481b9d4a9e61ff24d5e */ CREATE OR REPLACE TABLE "datastore"."sqlmesh__datamarketingclean"."datamarketingclean__transactions__170688214" AS SELECT "transaction_id" AS "transaction_id", "timestamp" AS "timestamp", "customer_id" AS "customer_id", "product_id" AS "product_id", "quantity" AS "quantity", "discount_applied" AS "discount_applied", "gross_revenue" AS "gross_revenue", "campaign_id" AS "campaign_id", "refund_flag" AS "refund_flag" FROM "datastore"."raw"."transactions" AS "transactions" WHERE NOT "transaction_id" IS NULL AND NOT "customer_id" IS NULL AND NOT "product_id" IS NULL AND NOT "gross_revenue" IS NULL (base.py:2619)
2025-12-17 17:00:30,437 - MainThread - sqlmesh.core.state_sync.db.facade - INFO - Adding interval (2025-12-12 00:00:00, 2025-12-17 00:00:00) for snapshot SnapshotId<"datastore"."datamarketingclean"."transactions": 4274817729> (facade.py:637)
2025-12-17 17:00:30,437 - MainThread - sqlmesh.core.state_sync.db.interval - INFO - Pushing intervals for snapshot SnapshotId<"datastore"."datamarketingclean"."transactions": 4274817729> (interval.py:215)
2025-12-17 17:00:30,466 - MainThread - sqlmesh.core.snapshot.evaluator - INFO - Evaluating snapshot SnapshotId<"datastore"."datamodelling"."campaign_performance": 1096646735> (evaluator.py:711)
2025-12-17 17:00:30,466 - MainThread - sqlmesh.core.snapshot.evaluator - INFO - Inserting data for snapshot SnapshotId<"datastore"."datamodelling"."campaign_performance": 1096646735> (evaluator.py:952)
2025-12-17 17:00:30,492 - MainThread - sqlmesh.core.snapshot.evaluator - INFO - Inserting batch (2025-12-12 00:00:00, 2025-12-17 00:00:00) into datastore.sqlmesh__datamodelling.datamodelling__campaign_performance__1321792064' (evaluator.py:984)
2025-12-17 17:00:30,493 - MainThread - sqlmesh.core.engine_adapter.base - INFO - Executing SQL: /* SQLMESH_PLAN: 2dd93466e6e34481b9d4a9e61ff24d5e */ DESCRIBE "datastore"."sqlmesh__datamodelling"."datamodelling__campaign_performance__1321792064" (base.py:2619)
2025-12-17 17:00:30,495 - MainThread - sqlmesh.core.engine_adapter.base - INFO - Executing SQL: /* SQLMESH_PLAN: 2dd93466e6e34481b9d4a9e61ff24d5e */ SELECT CURRENT_CATALOG() (base.py:2619)
2025-12-17 17:00:30,500 - MainThread - sqlmesh.core.engine_adapter.base - INFO - Executing SQL: /* SQLMESH_PLAN: 2dd93466e6e34481b9d4a9e61ff24d5e */ SELECT type FROM DUCKDB_DATABASES() WHERE database_name = 'datastore' (base.py:2619)
2025-12-17 17:00:30,503 - MainThread - sqlmesh.core.engine_adapter.base - INFO - Executing SQL: /* SQLMESH_PLAN: 2dd93466e6e34481b9d4a9e61ff24d5e */ CREATE OR REPLACE TABLE "datastore"."sqlmesh__datamodelling"."datamodelling__campaign_performance__1321792064" AS SELECT "c"."objective" AS "objective", "c"."channel" AS "channel", SUM("t"."gross_revenue" * (1 - "t"."discount_applied")) AS "total_net_revenue", COUNT(DISTINCT "t"."transaction_id") AS "total_transactions", AVG("t"."discount_applied") * 100 AS "avg_discount_rate_pct", (SUM("t"."refund_flag") * 1.0) / COUNT("t"."transaction_id") AS "refund_rate" FROM "datastore"."sqlmesh__datamarketingclean"."datamarketingclean__campaigns__1630975039" AS "c" JOIN "datastore"."sqlmesh__datamarketingclean"."datamarketingclean__transactions__170688214" AS "t" ON "c"."campaign_id" = "t"."campaign_id" GROUP BY "c"."objective", "c"."channel" ORDER BY "total_net_revenue" DESC (base.py:2619)
2025-12-17 17:00:30,547 - MainThread - sqlmesh.core.engine_adapter.base - INFO - Executing SQL: /* SQLMESH_PLAN: 2dd93466e6e34481b9d4a9e61ff24d5e */ COMMENT ON COLUMN "datastore"."sqlmesh__datamodelling"."datamodelling__campaign_performance__1321792064"."objective" IS '1. Dimensi Utama' (base.py:2619)
2025-12-17 17:00:30,550 - MainThread - sqlmesh.core.engine_adapter.base - INFO - Executing SQL: /* SQLMESH_PLAN: 2dd93466e6e34481b9d4a9e61ff24d5e */ COMMENT ON COLUMN "datastore"."sqlmesh__datamodelling"."datamodelling__campaign_performance__1321792064"."total_net_revenue" IS 'Formula: Gross Revenue * (1 - Discount Applied)' (base.py:2619)
2025-12-17 17:00:30,553 - MainThread - sqlmesh.core.engine_adapter.base - INFO - Executing SQL: /* SQLMESH_PLAN: 2dd93466e6e34481b9d4a9e61ff24d5e */ COMMENT ON COLUMN "datastore"."sqlmesh__datamodelling"."datamodelling__campaign_performance__1321792064"."total_transactions" IS 'METRIK 2: Total Transactions (Sales Count)' (base.py:2619)
2025-12-17 17:00:30,555 - MainThread - sqlmesh.core.state_sync.db.facade - INFO - Adding interval (2025-12-12 00:00:00, 2025-12-17 00:00:00) for snapshot SnapshotId<"datastore"."datamodelling"."campaign_performance": 1096646735> (facade.py:637)
2025-12-17 17:00:30,555 - MainThread - sqlmesh.core.state_sync.db.interval - INFO - Pushing intervals for snapshot SnapshotId<"datastore"."datamodelling"."campaign_performance": 1096646735> (interval.py:215)
2025-12-17 17:00:30,584 - MainThread - sqlmesh.core.plan.evaluator - INFO - Evaluating plan stage EnvironmentRecordUpdateStage (evaluator.py:123)
2025-12-17 17:00:30,584 - MainThread - sqlmesh.core.state_sync.db.facade - INFO - Promoting environment 'prod' (facade.py:167)
2025-12-17 17:00:30,622 - MainThread - sqlmesh.core.plan.evaluator - INFO - Evaluating plan stage UnpauseStage (evaluator.py:123)
2025-12-17 17:00:30,643 - MainThread - sqlmesh.core.plan.evaluator - INFO - Evaluating plan stage VirtualLayerUpdateStage (evaluator.py:123)
2025-12-17 17:00:30,651 - MainThread - sqlmesh.core.snapshot.evaluator - INFO - Creating schema 'datastore.datamodelling' (evaluator.py:1449)
2025-12-17 17:00:30,652 - MainThread - sqlmesh.core.engine_adapter.base - INFO - Executing SQL: /* SQLMESH_PLAN: 2dd93466e6e34481b9d4a9e61ff24d5e */ CREATE SCHEMA IF NOT EXISTS "datastore"."datamodelling" (base.py:2619)
2025-12-17 17:00:30,654 - MainThread - sqlmesh.core.snapshot.evaluator - INFO - Creating schema 'datastore.datamarketingclean' (evaluator.py:1449)
2025-12-17 17:00:30,655 - MainThread - sqlmesh.core.engine_adapter.base - INFO - Executing SQL: /* SQLMESH_PLAN: 2dd93466e6e34481b9d4a9e61ff24d5e */ CREATE SCHEMA IF NOT EXISTS "datastore"."datamarketingclean" (base.py:2619)
2025-12-17 17:00:30,658 - MainThread - sqlmesh.core.snapshot.evaluator - INFO - Listing data objects in schema datastore.datamarketingclean (evaluator.py:1616)
2025-12-17 17:00:30,659 - MainThread - sqlmesh.core.engine_adapter.base - INFO - Executing SQL: /* SQLMESH_PLAN: 2dd93466e6e34481b9d4a9e61ff24d5e */ SELECT CURRENT_CATALOG() (base.py:2619)
2025-12-17 17:00:30,661 - MainThread - sqlmesh.core.engine_adapter.base - INFO - Executing SQL: /* SQLMESH_PLAN: 2dd93466e6e34481b9d4a9e61ff24d5e */ SELECT CURRENT_CATALOG() (base.py:2619)
2025-12-17 17:00:30,664 - MainThread - sqlmesh.core.engine_adapter.base - INFO - Executing SQL: /* SQLMESH_PLAN: 2dd93466e6e34481b9d4a9e61ff24d5e */ SELECT table_name AS name, table_schema AS schema, CASE table_type WHEN 'BASE TABLE' THEN 'table' WHEN 'VIEW' THEN 'view' WHEN 'LOCAL TEMPORARY' THEN 'table' END AS type FROM system.information_schema.tables WHERE (table_catalog = 'datastore' AND table_schema = 'datamarketingclean') AND table_name IN ('products', 'customers', 'events', 'campaigns', 'transactions') (base.py:2619)
2025-12-17 17:00:30,687 - MainThread - sqlmesh.core.snapshot.evaluator - INFO - Listing data objects in schema datastore.datamodelling (evaluator.py:1616)
2025-12-17 17:00:30,688 - MainThread - sqlmesh.core.engine_adapter.base - INFO - Executing SQL: /* SQLMESH_PLAN: 2dd93466e6e34481b9d4a9e61ff24d5e */ SELECT CURRENT_CATALOG() (base.py:2619)
2025-12-17 17:00:30,690 - MainThread - sqlmesh.core.engine_adapter.base - INFO - Executing SQL: /* SQLMESH_PLAN: 2dd93466e6e34481b9d4a9e61ff24d5e */ SELECT CURRENT_CATALOG() (base.py:2619)
2025-12-17 17:00:30,700 - MainThread - sqlmesh.core.engine_adapter.base - INFO - Executing SQL: /* SQLMESH_PLAN: 2dd93466e6e34481b9d4a9e61ff24d5e */ SELECT table_name AS name, table_schema AS schema, CASE table_type WHEN 'BASE TABLE' THEN 'table' WHEN 'VIEW' THEN 'view' WHEN 'LOCAL TEMPORARY' THEN 'table' END AS type FROM system.information_schema.tables WHERE (table_catalog = 'datastore' AND table_schema = 'datamodelling') AND table_name IN ('campaign_performance') (base.py:2619)
2025-12-17 17:00:30,718 - MainThread - sqlmesh.core.snapshot.evaluator - INFO - Updating view 'datastore.datamarketingclean.campaigns' to point at table 'datastore.sqlmesh__datamarketingclean.datamarketingclean__campaigns__1630975039' (evaluator.py:1988)
2025-12-17 17:00:30,720 - MainThread - sqlmesh.core.engine_adapter.base - INFO - Executing SQL: /* SQLMESH_PLAN: 2dd93466e6e34481b9d4a9e61ff24d5e */ CREATE OR REPLACE VIEW "datastore"."datamarketingclean"."campaigns" AS SELECT * FROM "datastore"."sqlmesh__datamarketingclean"."datamarketingclean__campaigns__1630975039" (base.py:2619)
2025-12-17 17:00:30,727 - MainThread - sqlmesh.core.snapshot.evaluator - INFO - Updating view 'datastore.datamarketingclean.customers' to point at table 'datastore.sqlmesh__datamarketingclean.datamarketingclean__customers__3099102196' (evaluator.py:1988)
2025-12-17 17:00:30,729 - MainThread - sqlmesh.core.engine_adapter.base - INFO - Executing SQL: /* SQLMESH_PLAN: 2dd93466e6e34481b9d4a9e61ff24d5e */ CREATE OR REPLACE VIEW "datastore"."datamarketingclean"."customers" AS SELECT * FROM "datastore"."sqlmesh__datamarketingclean"."datamarketingclean__customers__3099102196" (base.py:2619)
2025-12-17 17:00:30,741 - MainThread - sqlmesh.core.snapshot.evaluator - INFO - Updating view 'datastore.datamarketingclean.events' to point at table 'datastore.sqlmesh__datamarketingclean.datamarketingclean__events__77924244' (evaluator.py:1988)
2025-12-17 17:00:30,752 - MainThread - sqlmesh.core.engine_adapter.base - INFO - Executing SQL: /* SQLMESH_PLAN: 2dd93466e6e34481b9d4a9e61ff24d5e */ CREATE OR REPLACE VIEW "datastore"."datamarketingclean"."events" AS SELECT * FROM "datastore"."sqlmesh__datamarketingclean"."datamarketingclean__events__77924244" (base.py:2619)
2025-12-17 17:00:30,776 - MainThread - sqlmesh.core.snapshot.evaluator - INFO - Updating view 'datastore.datamarketingclean.products' to point at table 'datastore.sqlmesh__datamarketingclean.datamarketingclean__products__4106562550' (evaluator.py:1988)
2025-12-17 17:00:30,779 - MainThread - sqlmesh.core.engine_adapter.base - INFO - Executing SQL: /* SQLMESH_PLAN: 2dd93466e6e34481b9d4a9e61ff24d5e */ CREATE OR REPLACE VIEW "datastore"."datamarketingclean"."products" AS SELECT * FROM "datastore"."sqlmesh__datamarketingclean"."datamarketingclean__products__4106562550" (base.py:2619)
2025-12-17 17:00:30,793 - MainThread - sqlmesh.core.snapshot.evaluator - INFO - Updating view 'datastore.datamarketingclean.transactions' to point at table 'datastore.sqlmesh__datamarketingclean.datamarketingclean__transactions__170688214' (evaluator.py:1988)
2025-12-17 17:00:30,795 - MainThread - sqlmesh.core.engine_adapter.base - INFO - Executing SQL: /* SQLMESH_PLAN: 2dd93466e6e34481b9d4a9e61ff24d5e */ CREATE OR REPLACE VIEW "datastore"."datamarketingclean"."transactions" AS SELECT * FROM "datastore"."sqlmesh__datamarketingclean"."datamarketingclean__transactions__170688214" (base.py:2619)
2025-12-17 17:00:30,813 - MainThread - sqlmesh.core.snapshot.evaluator - INFO - Updating view 'datastore.datamodelling.campaign_performance' to point at table 'datastore.sqlmesh__datamodelling.datamodelling__campaign_performance__1321792064' (evaluator.py:1988)
2025-12-17 17:00:30,819 - MainThread - sqlmesh.core.engine_adapter.base - INFO - Executing SQL: /* SQLMESH_PLAN: 2dd93466e6e34481b9d4a9e61ff24d5e */ CREATE OR REPLACE VIEW "datastore"."datamodelling"."campaign_performance" AS SELECT * FROM "datastore"."sqlmesh__datamodelling"."datamodelling__campaign_performance__1321792064" (base.py:2619)
2025-12-17 17:00:30,825 - MainThread - sqlmesh.core.engine_adapter.base - INFO - Executing SQL: /* SQLMESH_PLAN: 2dd93466e6e34481b9d4a9e61ff24d5e */ COMMENT ON COLUMN "datastore"."datamodelling"."campaign_performance"."objective" IS '1. Dimensi Utama' (base.py:2619)
2025-12-17 17:00:30,827 - MainThread - sqlmesh.core.engine_adapter.base - INFO - Executing SQL: /* SQLMESH_PLAN: 2dd93466e6e34481b9d4a9e61ff24d5e */ COMMENT ON COLUMN "datastore"."datamodelling"."campaign_performance"."total_net_revenue" IS 'Formula: Gross Revenue * (1 - Discount Applied)' (base.py:2619)
2025-12-17 17:00:30,830 - MainThread - sqlmesh.core.engine_adapter.base - INFO - Executing SQL: /* SQLMESH_PLAN: 2dd93466e6e34481b9d4a9e61ff24d5e */ COMMENT ON COLUMN "datastore"."datamodelling"."campaign_performance"."total_transactions" IS 'METRIK 2: Total Transactions (Sales Count)' (base.py:2619)
2025-12-17 17:00:30,856 - MainThread - sqlmesh.core.plan.evaluator - INFO - Evaluating plan stage FinalizeEnvironmentStage (evaluator.py:123)
2025-12-17 17:00:30,856 - MainThread - sqlmesh.core.state_sync.db.environment - INFO - Finalizing environment 'prod' (environment.py:141)
2025-12-17 17:00:31,058 - MainThread - root - INFO - Shutting down the event dispatcher (dispatcher.py:159)
